2021-06-22 18:17:53 +0000  Initial pipeline context: <IDEDistributionProcessingPipelineContext: 0x7f8c13c5c280; archive(resolved)='<IDEArchive: 0x7f8c123780c0>', distributionTask(resolved)='2', distributionDestination(resolved)='1', distributionMethod(resolved)='<IDEDistributionMethodiOSAdHoc: 0x7f8c303e4130>', team(resolved)='<IDEProvisioningDisambiguatableBasicTeam: 0x7f8c304dedc0; teamID='A25W4243CS', teamName='Sunil Hadap', teamType='Individual', username='sunilhadap@hotmail.com', isFreeProvisioningTeam='0'>'>
	Chain (14, self inclusive):
	<IDEDistributionProcessingPipelineContext: 0x7f8c13c5c280; archive = '<IDEArchive: 0x7f8c123780c0>', distributionMethod='<IDEDistributionMethodiOSAdHoc: 0x7f8c303e4130>', team='<IDEProvisioningDisambiguatableBasicTeam: 0x7f8c304dedc0; teamID='A25W4243CS', teamName='Sunil Hadap', teamType='Individual', username='sunilhadap@hotmail.com', isFreeProvisioningTeam='0'>'>
	<IDEDistributionProcessingPipelineContext: 0x7f8c1f964fc0; archive = '<IDEArchive: 0x7f8c123780c0>', distributionMethod='<IDEDistributionMethodiOSAdHoc: 0x7f8c303e4130>', team='<IDEProvisioningDisambiguatableBasicTeam: 0x7f8c304dedc0; teamID='A25W4243CS', teamName='Sunil Hadap', teamType='Individual', username='sunilhadap@hotmail.com', isFreeProvisioningTeam='0'>'>
	<IDEDistributionContext: 0x7f8c1f948370; archive = '<IDEArchive: 0x7f8c123780c0>', distributionMethod='<IDEDistributionMethodiOSAdHoc: 0x7f8c303e4130>', team='<IDEProvisioningDisambiguatableBasicTeam: 0x7f8c304dedc0; teamID='A25W4243CS', teamName='Sunil Hadap', teamType='Individual', username='sunilhadap@hotmail.com', isFreeProvisioningTeam='0'>'>
	<IDEDistributionContext: 0x7f8c13c5d640; archive = '<IDEArchive: 0x7f8c123780c0>', distributionMethod='<IDEDistributionMethodiOSAdHoc: 0x7f8c303e4130>', team='<IDEProvisioningDisambiguatableBasicTeam: 0x7f8c304dedc0; teamID='A25W4243CS', teamName='Sunil Hadap', teamType='Individual', username='sunilhadap@hotmail.com', isFreeProvisioningTeam='0'>'>
	<IDEDistributionContext: 0x7f8c12feaed0; archive = '<IDEArchive: 0x7f8c123780c0>', distributionMethod='<IDEDistributionMethodiOSAdHoc: 0x7f8c303e4130>', team='<IDEProvisioningDisambiguatableBasicTeam: 0x7f8c304dedc0; teamID='A25W4243CS', teamName='Sunil Hadap', teamType='Individual', username='sunilhadap@hotmail.com', isFreeProvisioningTeam='0'>'>
	<IDEDistributionContext: 0x7f8c12d0dc30; archive = '<IDEArchive: 0x7f8c123780c0>', distributionMethod='<IDEDistributionMethodiOSAdHoc: 0x7f8c303e4130>', team='<IDEProvisioningDisambiguatableBasicTeam: 0x7f8c304dedc0; teamID='A25W4243CS', teamName='Sunil Hadap', teamType='Individual', username='sunilhadap@hotmail.com', isFreeProvisioningTeam='0'>'>
	<IDEDistributionContext: 0x7f8c13c52280; archive = '<IDEArchive: 0x7f8c123780c0>', distributionMethod='<IDEDistributionMethodiOSAdHoc: 0x7f8c303e4130>', team='<IDEProvisioningDisambiguatableBasicTeam: 0x7f8c304dedc0; teamID='A25W4243CS', teamName='Sunil Hadap', teamType='Individual', username='sunilhadap@hotmail.com', isFreeProvisioningTeam='0'>'>
	<IDEDistributionContext: 0x7f8c13c677c0; archive = '<IDEArchive: 0x7f8c123780c0>', distributionMethod='<IDEDistributionMethodiOSAdHoc: 0x7f8c303e4130>', team='<IDEProvisioningDisambiguatableBasicTeam: 0x7f8c304dedc0; teamID='A25W4243CS', teamName='Sunil Hadap', teamType='Individual', username='sunilhadap@hotmail.com', isFreeProvisioningTeam='0'>'>
	<IDEDistributionContext: 0x7f8c13d1ce70; archive = '<IDEArchive: 0x7f8c123780c0>', distributionMethod='<IDEDistributionMethodiOSAdHoc: 0x7f8c303e4130>', team='<IDEProvisioningDisambiguatableBasicTeam: 0x7f8c304dedc0; teamID='A25W4243CS', teamName='Sunil Hadap', teamType='Individual', username='sunilhadap@hotmail.com', isFreeProvisioningTeam='0'>'>
	<IDEDistributionContext: 0x7f8c13d1fd20; archive = '<IDEArchive: 0x7f8c123780c0>', distributionMethod='<IDEDistributionMethodiOSAdHoc: 0x7f8c303e4130>', team='(null)'>
	<IDEDistributionContext: 0x7f8c13c55240; archive = '<IDEArchive: 0x7f8c123780c0>', distributionMethod='<IDEDistributionMethodiOSAdHoc: 0x7f8c303e4130>', team='(null)'>
	<IDEDistributionContext: 0x7f8c13c5dae0; archive = '<IDEArchive: 0x7f8c123780c0>', distributionMethod='<IDEDistributionMethodiOSAdHoc: 0x7f8c303e4130>', team='(null)'>
	<IDEDistributionContext: 0x7f8c122d9890; archive = '<IDEArchive: 0x7f8c123780c0>', distributionMethod='<IDEDistributionMethodiOSAdHoc: 0x7f8c303e4130>', team='(null)'>
	<IDEDistributionContext: 0x7f8c359c0d50; archive = '<IDEArchive: 0x7f8c123780c0>', distributionMethod='(null)', team='(null)'>
</IDEDistributionProcessingPipelineContext: 0x7f8c13c5c280>
2021-06-22 18:17:53 +0000  Processing step: IDEDistributionCreateDestRootStep
2021-06-22 18:17:53 +0000  Processing step: IDEDistributionCopyItemStep
2021-06-22 18:17:53 +0000  Running /usr/bin/ditto '-V' '/Users/hadsunil/Library/Developer/Xcode/Archives/2021-06-19/Footsee 6-19-21, 10.03 AM.xcarchive/Products/Applications/Footsee.app' '/var/folders/3t/grkshll964n5xz4mxwr7ts5mg9z2b6/T/XcodeDistPipeline.~~~A9XvPl/Root/Payload/Footsee.app'
2021-06-22 18:17:53 +0000  >>> Copying /Users/hadsunil/Library/Developer/Xcode/Archives/2021-06-19/Footsee 6-19-21, 10.03 AM.xcarchive/Products/Applications/Footsee.app 
2021-06-22 18:17:53 +0000  copying file ./_CodeSignature/CodeResources ... 
2021-06-22 18:17:53 +0000  13370 bytes for ./_CodeSignature/CodeResources
2021-06-22 18:17:53 +0000  copying file ./Settings.bundle/en.lproj/Root.strings ... 
2021-06-22 18:17:53 +0000  546 bytes for ./Settings.bundle/en.lproj/Root.strings
2021-06-22 18:17:53 +0000  copying file ./Settings.bundle/Root.plist ... 
2021-06-22 18:17:53 +0000  1650 bytes for ./Settings.bundle/Root.plist
2021-06-22 18:17:53 +0000  copying file ./Footsee ... 
2021-06-22 18:17:53 +0000  827408 bytes for ./Footsee
2021-06-22 18:17:53 +0000  copying file ./AppIcon60x60@2x.png ... 
2021-06-22 18:17:53 +0000  5177 bytes for ./AppIcon60x60@2x.png
2021-06-22 18:17:53 +0000  copying file ./frog-foot-svgrepo-com.svg ... 
2021-06-22 18:17:53 +0000  852 bytes for ./frog-foot-svgrepo-com.svg
2021-06-22 18:17:53 +0000  copying file ./Base.lproj/Main.storyboardc/vej-qd-Tzv-view-xVE-xt-emR.nib ... 
2021-06-22 18:17:53 +0000  28199 bytes for ./Base.lproj/Main.storyboardc/vej-qd-Tzv-view-xVE-xt-emR.nib
copying file ./Base.lproj/Main.storyboardc/UITableViewController-vej-qd-Tzv.nib ... 
2021-06-22 18:17:53 +0000  3346 bytes for ./Base.lproj/Main.storyboardc/UITableViewController-vej-qd-Tzv.nib
copying file ./Base.lproj/Main.storyboardc/BYZ-38-t0r-view-rjK-Im-gwb.nib ... 
2021-06-22 18:17:53 +0000  6451 bytes for ./Base.lproj/Main.storyboardc/BYZ-38-t0r-view-rjK-Im-gwb.nib
copying file ./Base.lproj/Main.storyboardc/UINavigationController-C0f-nK-5UG.nib ... 
2021-06-22 18:17:53 +0000  2764 bytes for ./Base.lproj/Main.storyboardc/UINavigationController-C0f-nK-5UG.nib
copying file ./Base.lproj/Main.storyboardc/Info.plist ... 
2021-06-22 18:17:53 +0000  361 bytes for ./Base.lproj/Main.storyboardc/Info.plist
2021-06-22 18:17:53 +0000  copying file ./Base.lproj/LaunchScreen.storyboardc/01J-lp-oVM-view-Ze5-6b-2t3.nib ... 
2021-06-22 18:17:53 +0000  1197 bytes for ./Base.lproj/LaunchScreen.storyboardc/01J-lp-oVM-view-Ze5-6b-2t3.nib
2021-06-22 18:17:53 +0000  copying file ./Base.lproj/LaunchScreen.storyboardc/UIViewController-01J-lp-oVM.nib ... 
2021-06-22 18:17:53 +0000  896 bytes for ./Base.lproj/LaunchScreen.storyboardc/UIViewController-01J-lp-oVM.nib
2021-06-22 18:17:53 +0000  copying file ./Base.lproj/LaunchScreen.storyboardc/Info.plist ... 
2021-06-22 18:17:53 +0000  258 bytes for ./Base.lproj/LaunchScreen.storyboardc/Info.plist
2021-06-22 18:17:53 +0000  copying file ./Assets.car ... 
2021-06-22 18:17:53 +0000  111032 bytes for ./Assets.car
2021-06-22 18:17:53 +0000  copying file ./.gitignore ... 
2021-06-22 18:17:53 +0000  1557 bytes for ./.gitignore
copying file ./AppIcon76x76@2x~ipad.png ... 
2021-06-22 18:17:53 +0000  6451 bytes for ./AppIcon76x76@2x~ipad.png
2021-06-22 18:17:53 +0000  copying file ./Frameworks/FormTextField.framework/_CodeSignature/CodeResources ... 
2021-06-22 18:17:53 +0000  1798 bytes for ./Frameworks/FormTextField.framework/_CodeSignature/CodeResources
2021-06-22 18:17:53 +0000  copying file ./Frameworks/FormTextField.framework/FormTextField ... 
2021-06-22 18:17:53 +0000  828400 bytes for ./Frameworks/FormTextField.framework/FormTextField
copying file ./Frameworks/FormTextField.framework/Info.plist ... 
2021-06-22 18:17:53 +0000  796 bytes for ./Frameworks/FormTextField.framework/Info.plist
2021-06-22 18:17:53 +0000  copying file ./Frameworks/ZIPFoundation.framework/_CodeSignature/CodeResources ... 
2021-06-22 18:17:53 +0000  1798 bytes for ./Frameworks/ZIPFoundation.framework/_CodeSignature/CodeResources
2021-06-22 18:17:53 +0000  copying file ./Frameworks/ZIPFoundation.framework/ZIPFoundation ... 
2021-06-22 18:17:53 +0000  1397024 bytes for ./Frameworks/ZIPFoundation.framework/ZIPFoundation
copying file ./Frameworks/ZIPFoundation.framework/Info.plist ... 
2021-06-22 18:17:53 +0000  749 bytes for ./Frameworks/ZIPFoundation.framework/Info.plist
2021-06-22 18:17:53 +0000  copying file ./Frameworks/MetaWear.framework/_CodeSignature/CodeResources ... 
2021-06-22 18:17:53 +0000  1798 bytes for ./Frameworks/MetaWear.framework/_CodeSignature/CodeResources
2021-06-22 18:17:53 +0000  copying file ./Frameworks/MetaWear.framework/MetaWear ... 
2021-06-22 18:17:53 +0000  7061376 bytes for ./Frameworks/MetaWear.framework/MetaWear
2021-06-22 18:17:53 +0000  copying file ./Frameworks/MetaWear.framework/Info.plist ... 
2021-06-22 18:17:53 +0000  779 bytes for ./Frameworks/MetaWear.framework/Info.plist
2021-06-22 18:17:53 +0000  copying file ./Frameworks/DropDown.framework/_CodeSignature/CodeResources ... 
2021-06-22 18:17:53 +0000  2096 bytes for ./Frameworks/DropDown.framework/_CodeSignature/CodeResources
2021-06-22 18:17:53 +0000  copying file ./Frameworks/DropDown.framework/DropDown ... 
2021-06-22 18:17:53 +0000  1095456 bytes for ./Frameworks/DropDown.framework/DropDown
2021-06-22 18:17:53 +0000  copying file ./Frameworks/DropDown.framework/DropDownCell.nib ... 
2021-06-22 18:17:53 +0000  2511 bytes for ./Frameworks/DropDown.framework/DropDownCell.nib
2021-06-22 18:17:53 +0000  copying file ./Frameworks/DropDown.framework/Info.plist ... 
2021-06-22 18:17:53 +0000  739 bytes for ./Frameworks/DropDown.framework/Info.plist
2021-06-22 18:17:53 +0000  copying file ./Frameworks/MBProgressHUD.framework/_CodeSignature/CodeResources ... 
2021-06-22 18:17:53 +0000  1798 bytes for ./Frameworks/MBProgressHUD.framework/_CodeSignature/CodeResources
2021-06-22 18:17:53 +0000  copying file ./Frameworks/MBProgressHUD.framework/MBProgressHUD ... 
458256 bytes for ./Frameworks/MBProgressHUD.framework/MBProgressHUD
copying file ./Frameworks/MBProgressHUD.framework/Info.plist ... 
2021-06-22 18:17:53 +0000  748 bytes for ./Frameworks/MBProgressHUD.framework/Info.plist
2021-06-22 18:17:53 +0000  copying file ./Frameworks/iOSDFULibrary.framework/_CodeSignature/CodeResources ... 
2021-06-22 18:17:53 +0000  1798 bytes for ./Frameworks/iOSDFULibrary.framework/_CodeSignature/CodeResources
2021-06-22 18:17:53 +0000  copying file ./Frameworks/iOSDFULibrary.framework/iOSDFULibrary ... 
2021-06-22 18:17:53 +0000  3601632 bytes for ./Frameworks/iOSDFULibrary.framework/iOSDFULibrary
2021-06-22 18:17:53 +0000  copying file ./Frameworks/iOSDFULibrary.framework/Info.plist ... 
2021-06-22 18:17:53 +0000  749 bytes for ./Frameworks/iOSDFULibrary.framework/Info.plist
2021-06-22 18:17:53 +0000  copying file ./Frameworks/SwiftProtobuf.framework/_CodeSignature/CodeResources ... 
2021-06-22 18:17:53 +0000  1798 bytes for ./Frameworks/SwiftProtobuf.framework/_CodeSignature/CodeResources
copying file ./Frameworks/SwiftProtobuf.framework/SwiftProtobuf ... 
2021-06-22 18:17:53 +0000  11834576 bytes for ./Frameworks/SwiftProtobuf.framework/SwiftProtobuf
2021-06-22 18:17:53 +0000  copying file ./Frameworks/SwiftProtobuf.framework/Info.plist ... 
2021-06-22 18:17:53 +0000  749 bytes for ./Frameworks/SwiftProtobuf.framework/Info.plist
2021-06-22 18:17:53 +0000  copying file ./Frameworks/BoltsSwift.framework/_CodeSignature/CodeResources ... 
2021-06-22 18:17:53 +0000  1798 bytes for ./Frameworks/BoltsSwift.framework/_CodeSignature/CodeResources
2021-06-22 18:17:53 +0000  copying file ./Frameworks/BoltsSwift.framework/BoltsSwift ... 
2021-06-22 18:17:53 +0000  700272 bytes for ./Frameworks/BoltsSwift.framework/BoltsSwift
copying file ./Frameworks/BoltsSwift.framework/Info.plist ... 
2021-06-22 18:17:53 +0000  742 bytes for ./Frameworks/BoltsSwift.framework/Info.plist
2021-06-22 18:17:53 +0000  copying file ./embedded.mobileprovision ... 
2021-06-22 18:17:53 +0000  12004 bytes for ./embedded.mobileprovision
2021-06-22 18:17:53 +0000  copying file ./Info.plist ... 
2223 bytes for ./Info.plist
copying file ./PkgInfo ... 
8 bytes for ./PkgInfo
2021-06-22 18:17:53 +0000  /usr/bin/ditto exited with 0
2021-06-22 18:17:53 +0000  Processing step: IDEDistributionEmbedProfileStep
2021-06-22 18:17:53 +0000  Skipping profile for item: <IDEDistributionItem: 0x7f8c1f94be90; bundleID='org.cocoapods.BoltsSwift', path='<DVTFilePath:0x7f8c38fe8ca0:'/Users/hadsunil/Library/Developer/Xcode/Archives/2021-06-19/Footsee 6-19-21, 10.03 AM.xcarchive/Products/Applications/Footsee.app/Frameworks/BoltsSwift.framework'>', codeSigningInfo='<_DVTCodeSigningInformation_Path: 0x7f8c12ffa290; isSigned='1', isAdHocSigned='0', signingCertificate='<DVTSigningCertificate: 0x7f8c1f928810; name='Apple Development: sunilhadap@hotmail.com (ZJV83KS28T)', hash='D0F687E39EC9278608D707556F0630C226096A96', serialNumber='<DVTSigningCertificateSerialNumber: 0x7f8c1f9288c0>', certificateKinds='(
    "1.2.840.113635.100.6.1.12",
    "1.2.840.113635.100.6.1.2"
), issueDate='2021-06-15 11:39:28 +0000''>', entitlements='(null)', teamID='A25W4243CS', identifier='org.cocoapods.BoltsSwift', executablePath='<DVTFilePath:0x7f8c12f055a0:'/Users/hadsunil/Library/Developer/Xcode/Archives/2021-06-19/Footsee 6-19-21, 10.03 AM.xcarchive/Products/Applications/Footsee.app/Frameworks/BoltsSwift.framework/BoltsSwift'>', hardenedRuntime='0'>'>
2021-06-22 18:17:53 +0000  Skipping profile for item: <IDEDistributionItem: 0x7f8c12fd1420; bundleID='org.cocoapods.DropDown', path='<DVTFilePath:0x7f8c123af350:'/Users/hadsunil/Library/Developer/Xcode/Archives/2021-06-19/Footsee 6-19-21, 10.03 AM.xcarchive/Products/Applications/Footsee.app/Frameworks/DropDown.framework'>', codeSigningInfo='<_DVTCodeSigningInformation_Path: 0x7f8c13d1f150; isSigned='1', isAdHocSigned='0', signingCertificate='<DVTSigningCertificate: 0x7f8c1f928810; name='Apple Development: sunilhadap@hotmail.com (ZJV83KS28T)', hash='D0F687E39EC9278608D707556F0630C226096A96', serialNumber='<DVTSigningCertificateSerialNumber: 0x7f8c1f9288c0>', certificateKinds='(
    "1.2.840.113635.100.6.1.12",
    "1.2.840.113635.100.6.1.2"
), issueDate='2021-06-15 11:39:28 +0000''>', entitlements='(null)', teamID='A25W4243CS', identifier='org.cocoapods.DropDown', executablePath='<DVTFilePath:0x7f8c125cf0a0:'/Users/hadsunil/Library/Developer/Xcode/Archives/2021-06-19/Footsee 6-19-21, 10.03 AM.xcarchive/Products/Applications/Footsee.app/Frameworks/DropDown.framework/DropDown'>', hardenedRuntime='0'>'>
2021-06-22 18:17:53 +0000  Skipping profile for item: <IDEDistributionItem: 0x7f8c1f94b6b0; bundleID='org.cocoapods.FormTextField', path='<DVTFilePath:0x7f8c122ec540:'/Users/hadsunil/Library/Developer/Xcode/Archives/2021-06-19/Footsee 6-19-21, 10.03 AM.xcarchive/Products/Applications/Footsee.app/Frameworks/FormTextField.framework'>', codeSigningInfo='<_DVTCodeSigningInformation_Path: 0x7f8c13c61d20; isSigned='1', isAdHocSigned='0', signingCertificate='<DVTSigningCertificate: 0x7f8c1f97e290; name='Apple Development: sunilhadap@hotmail.com (ZJV83KS28T)', hash='D0F687E39EC9278608D707556F0630C226096A96', serialNumber='<DVTSigningCertificateSerialNumber: 0x7f8c1f922b10>', certificateKinds='(
    "1.2.840.113635.100.6.1.12",
    "1.2.840.113635.100.6.1.2"
), issueDate='2021-06-15 11:39:28 +0000''>', entitlements='(null)', teamID='A25W4243CS', identifier='org.cocoapods.FormTextField', executablePath='<DVTFilePath:0x7f8c12f6f6a0:'/Users/hadsunil/Library/Developer/Xcode/Archives/2021-06-19/Footsee 6-19-21, 10.03 AM.xcarchive/Products/Applications/Footsee.app/Frameworks/FormTextField.framework/FormTextField'>', hardenedRuntime='0'>'>
2021-06-22 18:17:53 +0000  Skipping profile for item: <IDEDistributionItem: 0x7f8c1f90e970; bundleID='org.cocoapods.MBProgressHUD', path='<DVTFilePath:0x7f8c12f7f6e0:'/Users/hadsunil/Library/Developer/Xcode/Archives/2021-06-19/Footsee 6-19-21, 10.03 AM.xcarchive/Products/Applications/Footsee.app/Frameworks/MBProgressHUD.framework'>', codeSigningInfo='<_DVTCodeSigningInformation_Path: 0x7f8c13c589b0; isSigned='1', isAdHocSigned='0', signingCertificate='<DVTSigningCertificate: 0x7f8c123e1860; name='Apple Development: sunilhadap@hotmail.com (ZJV83KS28T)', hash='D0F687E39EC9278608D707556F0630C226096A96', serialNumber='<DVTSigningCertificateSerialNumber: 0x7f8c1f922b10>', certificateKinds='(
    "1.2.840.113635.100.6.1.12",
    "1.2.840.113635.100.6.1.2"
), issueDate='2021-06-15 11:39:28 +0000''>', entitlements='(null)', teamID='A25W4243CS', identifier='org.cocoapods.MBProgressHUD', executablePath='<DVTFilePath:0x7f8c2ffbb1d0:'/Users/hadsunil/Library/Developer/Xcode/Archives/2021-06-19/Footsee 6-19-21, 10.03 AM.xcarchive/Products/Applications/Footsee.app/Frameworks/MBProgressHUD.framework/MBProgressHUD'>', hardenedRuntime='0'>'>
2021-06-22 18:17:53 +0000  Skipping profile for item: <IDEDistributionItem: 0x7f8c12f93220; bundleID='org.cocoapods.MetaWear', path='<DVTFilePath:0x7f8c124f84d0:'/Users/hadsunil/Library/Developer/Xcode/Archives/2021-06-19/Footsee 6-19-21, 10.03 AM.xcarchive/Products/Applications/Footsee.app/Frameworks/MetaWear.framework'>', codeSigningInfo='<_DVTCodeSigningInformation_Path: 0x7f8c12d04b20; isSigned='1', isAdHocSigned='0', signingCertificate='<DVTSigningCertificate: 0x7f8c1f906c50; name='Apple Development: sunilhadap@hotmail.com (ZJV83KS28T)', hash='D0F687E39EC9278608D707556F0630C226096A96', serialNumber='<DVTSigningCertificateSerialNumber: 0x7f8c1f97e3f0>', certificateKinds='(
    "1.2.840.113635.100.6.1.12",
    "1.2.840.113635.100.6.1.2"
), issueDate='2021-06-15 11:39:28 +0000''>', entitlements='(null)', teamID='A25W4243CS', identifier='org.cocoapods.MetaWear', executablePath='<DVTFilePath:0x7f8c123d9d30:'/Users/hadsunil/Library/Developer/Xcode/Archives/2021-06-19/Footsee 6-19-21, 10.03 AM.xcarchive/Products/Applications/Footsee.app/Frameworks/MetaWear.framework/MetaWear'>', hardenedRuntime='0'>'>
2021-06-22 18:17:53 +0000  Skipping profile for item: <IDEDistributionItem: 0x7f8c123acc90; bundleID='org.cocoapods.SwiftProtobuf', path='<DVTFilePath:0x7f8c12f5b3d0:'/Users/hadsunil/Library/Developer/Xcode/Archives/2021-06-19/Footsee 6-19-21, 10.03 AM.xcarchive/Products/Applications/Footsee.app/Frameworks/SwiftProtobuf.framework'>', codeSigningInfo='<_DVTCodeSigningInformation_Path: 0x7f8c13d2ea10; isSigned='1', isAdHocSigned='0', signingCertificate='<DVTSigningCertificate: 0x7f8c1f92ea70; name='Apple Development: sunilhadap@hotmail.com (ZJV83KS28T)', hash='D0F687E39EC9278608D707556F0630C226096A96', serialNumber='<DVTSigningCertificateSerialNumber: 0x7f8c1f92eb20>', certificateKinds='(
    "1.2.840.113635.100.6.1.12",
    "1.2.840.113635.100.6.1.2"
), issueDate='2021-06-15 11:39:28 +0000''>', entitlements='(null)', teamID='A25W4243CS', identifier='org.cocoapods.SwiftProtobuf', executablePath='<DVTFilePath:0x7f8c123c20d0:'/Users/hadsunil/Library/Developer/Xcode/Archives/2021-06-19/Footsee 6-19-21, 10.03 AM.xcarchive/Products/Applications/Footsee.app/Frameworks/SwiftProtobuf.framework/SwiftProtobuf'>', hardenedRuntime='0'>'>
2021-06-22 18:17:53 +0000  Skipping profile for item: <IDEDistributionItem: 0x7f8c1f954e20; bundleID='org.cocoapods.ZIPFoundation', path='<DVTFilePath:0x7f8c12f158d0:'/Users/hadsunil/Library/Developer/Xcode/Archives/2021-06-19/Footsee 6-19-21, 10.03 AM.xcarchive/Products/Applications/Footsee.app/Frameworks/ZIPFoundation.framework'>', codeSigningInfo='<_DVTCodeSigningInformation_Path: 0x7f8c12ff1550; isSigned='1', isAdHocSigned='0', signingCertificate='<DVTSigningCertificate: 0x7f8c13d38e90; name='Apple Development: sunilhadap@hotmail.com (ZJV83KS28T)', hash='D0F687E39EC9278608D707556F0630C226096A96', serialNumber='<DVTSigningCertificateSerialNumber: 0x7f8c3770b350>', certificateKinds='(
    "1.2.840.113635.100.6.1.12",
    "1.2.840.113635.100.6.1.2"
), issueDate='2021-06-15 11:39:28 +0000''>', entitlements='(null)', teamID='A25W4243CS', identifier='org.cocoapods.ZIPFoundation', executablePath='<DVTFilePath:0x7f8c121d0140:'/Users/hadsunil/Library/Developer/Xcode/Archives/2021-06-19/Footsee 6-19-21, 10.03 AM.xcarchive/Products/Applications/Footsee.app/Frameworks/ZIPFoundation.framework/ZIPFoundation'>', hardenedRuntime='0'>'>
2021-06-22 18:17:53 +0000  Skipping profile for item: <IDEDistributionItem: 0x7f8c13c56ce0; bundleID='org.cocoapods.iOSDFULibrary', path='<DVTFilePath:0x7f8c3049be50:'/Users/hadsunil/Library/Developer/Xcode/Archives/2021-06-19/Footsee 6-19-21, 10.03 AM.xcarchive/Products/Applications/Footsee.app/Frameworks/iOSDFULibrary.framework'>', codeSigningInfo='<_DVTCodeSigningInformation_Path: 0x7f8c12fc2de0; isSigned='1', isAdHocSigned='0', signingCertificate='<DVTSigningCertificate: 0x7f8c1f928810; name='Apple Development: sunilhadap@hotmail.com (ZJV83KS28T)', hash='D0F687E39EC9278608D707556F0630C226096A96', serialNumber='<DVTSigningCertificateSerialNumber: 0x7f8c1f9288c0>', certificateKinds='(
    "1.2.840.113635.100.6.1.12",
    "1.2.840.113635.100.6.1.2"
), issueDate='2021-06-15 11:39:28 +0000''>', entitlements='(null)', teamID='A25W4243CS', identifier='org.cocoapods.iOSDFULibrary', executablePath='<DVTFilePath:0x7f8c12f6fa20:'/Users/hadsunil/Library/Developer/Xcode/Archives/2021-06-19/Footsee 6-19-21, 10.03 AM.xcarchive/Products/Applications/Footsee.app/Frameworks/iOSDFULibrary.framework/iOSDFULibrary'>', hardenedRuntime='0'>'>
2021-06-22 18:17:53 +0000  Processing step: IDEDistributionInfoPlistStep
2021-06-22 18:17:53 +0000  Skipping step: IDEDistributionInfoPlistStep because it said so
2021-06-22 18:17:53 +0000  Skipping step: IDEDistributionInfoPlistStep because it said so
2021-06-22 18:17:53 +0000  Skipping step: IDEDistributionInfoPlistStep because it said so
2021-06-22 18:17:53 +0000  Skipping step: IDEDistributionInfoPlistStep because it said so
2021-06-22 18:17:53 +0000  Skipping step: IDEDistributionInfoPlistStep because it said so
2021-06-22 18:17:53 +0000  Skipping step: IDEDistributionInfoPlistStep because it said so
2021-06-22 18:17:53 +0000  Skipping step: IDEDistributionInfoPlistStep because it said so
2021-06-22 18:17:53 +0000  Skipping step: IDEDistributionInfoPlistStep because it said so
2021-06-22 18:17:53 +0000  Skipping step: IDEDistributionInfoPlistStep because it said so
2021-06-22 18:17:53 +0000  Processing step: IDEDistributionAppThinningPlistStep
2021-06-22 18:17:53 +0000  Skipping step: IDEDistributionAppThinningPlistStep because it said so
2021-06-22 18:17:53 +0000  Processing step: IDEDistributionCompileBitcodeStep
2021-06-22 18:17:53 +0000  Skipping step: IDEDistributionCompileBitcodeStep because it said so
2021-06-22 18:17:53 +0000  Processing step: IDEDistributionCodeSlimmingStep
2021-06-22 18:17:53 +0000  Running /Applications/Xcode.app/Contents/Developer/Toolchains/XcodeDefault.xctoolchain/usr/bin/bitcode_strip '/var/folders/3t/grkshll964n5xz4mxwr7ts5mg9z2b6/T/XcodeDistPipeline.~~~A9XvPl/Root/Payload/Footsee.app/Frameworks/BoltsSwift.framework/BoltsSwift' '-r' '-o' '/var/folders/3t/grkshll964n5xz4mxwr7ts5mg9z2b6/T/XcodeDistPipeline.~~~A9XvPl/Root/Payload/Footsee.app/Frameworks/BoltsSwift.framework/BoltsSwift'
2021-06-22 18:17:53 +0000  /Applications/Xcode.app/Contents/Developer/Toolchains/XcodeDefault.xctoolchain/usr/bin/bitcode_strip exited with 0
2021-06-22 18:17:53 +0000  Running /Applications/Xcode.app/Contents/Developer/Toolchains/XcodeDefault.xctoolchain/usr/bin/bitcode_strip '/var/folders/3t/grkshll964n5xz4mxwr7ts5mg9z2b6/T/XcodeDistPipeline.~~~A9XvPl/Root/Payload/Footsee.app/Frameworks/DropDown.framework/DropDown' '-r' '-o' '/var/folders/3t/grkshll964n5xz4mxwr7ts5mg9z2b6/T/XcodeDistPipeline.~~~A9XvPl/Root/Payload/Footsee.app/Frameworks/DropDown.framework/DropDown'
2021-06-22 18:17:53 +0000  /Applications/Xcode.app/Contents/Developer/Toolchains/XcodeDefault.xctoolchain/usr/bin/bitcode_strip exited with 0
2021-06-22 18:17:53 +0000  Running /Applications/Xcode.app/Contents/Developer/Toolchains/XcodeDefault.xctoolchain/usr/bin/bitcode_strip '/var/folders/3t/grkshll964n5xz4mxwr7ts5mg9z2b6/T/XcodeDistPipeline.~~~A9XvPl/Root/Payload/Footsee.app/Frameworks/FormTextField.framework/FormTextField' '-r' '-o' '/var/folders/3t/grkshll964n5xz4mxwr7ts5mg9z2b6/T/XcodeDistPipeline.~~~A9XvPl/Root/Payload/Footsee.app/Frameworks/FormTextField.framework/FormTextField'
2021-06-22 18:17:53 +0000  /Applications/Xcode.app/Contents/Developer/Toolchains/XcodeDefault.xctoolchain/usr/bin/bitcode_strip exited with 0
2021-06-22 18:17:53 +0000  Running /Applications/Xcode.app/Contents/Developer/Toolchains/XcodeDefault.xctoolchain/usr/bin/bitcode_strip '/var/folders/3t/grkshll964n5xz4mxwr7ts5mg9z2b6/T/XcodeDistPipeline.~~~A9XvPl/Root/Payload/Footsee.app/Frameworks/MBProgressHUD.framework/MBProgressHUD' '-r' '-o' '/var/folders/3t/grkshll964n5xz4mxwr7ts5mg9z2b6/T/XcodeDistPipeline.~~~A9XvPl/Root/Payload/Footsee.app/Frameworks/MBProgressHUD.framework/MBProgressHUD'
2021-06-22 18:17:53 +0000  /Applications/Xcode.app/Contents/Developer/Toolchains/XcodeDefault.xctoolchain/usr/bin/bitcode_strip exited with 0
2021-06-22 18:17:53 +0000  Running /Applications/Xcode.app/Contents/Developer/Toolchains/XcodeDefault.xctoolchain/usr/bin/bitcode_strip '/var/folders/3t/grkshll964n5xz4mxwr7ts5mg9z2b6/T/XcodeDistPipeline.~~~A9XvPl/Root/Payload/Footsee.app/Frameworks/MetaWear.framework/MetaWear' '-r' '-o' '/var/folders/3t/grkshll964n5xz4mxwr7ts5mg9z2b6/T/XcodeDistPipeline.~~~A9XvPl/Root/Payload/Footsee.app/Frameworks/MetaWear.framework/MetaWear'
2021-06-22 18:17:53 +0000  /Applications/Xcode.app/Contents/Developer/Toolchains/XcodeDefault.xctoolchain/usr/bin/bitcode_strip exited with 0
2021-06-22 18:17:53 +0000  Running /Applications/Xcode.app/Contents/Developer/Toolchains/XcodeDefault.xctoolchain/usr/bin/bitcode_strip '/var/folders/3t/grkshll964n5xz4mxwr7ts5mg9z2b6/T/XcodeDistPipeline.~~~A9XvPl/Root/Payload/Footsee.app/Frameworks/SwiftProtobuf.framework/SwiftProtobuf' '-r' '-o' '/var/folders/3t/grkshll964n5xz4mxwr7ts5mg9z2b6/T/XcodeDistPipeline.~~~A9XvPl/Root/Payload/Footsee.app/Frameworks/SwiftProtobuf.framework/SwiftProtobuf'
2021-06-22 18:17:53 +0000  /Applications/Xcode.app/Contents/Developer/Toolchains/XcodeDefault.xctoolchain/usr/bin/bitcode_strip exited with 0
2021-06-22 18:17:53 +0000  Running /Applications/Xcode.app/Contents/Developer/Toolchains/XcodeDefault.xctoolchain/usr/bin/bitcode_strip '/var/folders/3t/grkshll964n5xz4mxwr7ts5mg9z2b6/T/XcodeDistPipeline.~~~A9XvPl/Root/Payload/Footsee.app/Frameworks/ZIPFoundation.framework/ZIPFoundation' '-r' '-o' '/var/folders/3t/grkshll964n5xz4mxwr7ts5mg9z2b6/T/XcodeDistPipeline.~~~A9XvPl/Root/Payload/Footsee.app/Frameworks/ZIPFoundation.framework/ZIPFoundation'
2021-06-22 18:17:53 +0000  /Applications/Xcode.app/Contents/Developer/Toolchains/XcodeDefault.xctoolchain/usr/bin/bitcode_strip exited with 0
2021-06-22 18:17:53 +0000  Running /Applications/Xcode.app/Contents/Developer/Toolchains/XcodeDefault.xctoolchain/usr/bin/bitcode_strip '/var/folders/3t/grkshll964n5xz4mxwr7ts5mg9z2b6/T/XcodeDistPipeline.~~~A9XvPl/Root/Payload/Footsee.app/Frameworks/iOSDFULibrary.framework/iOSDFULibrary' '-r' '-o' '/var/folders/3t/grkshll964n5xz4mxwr7ts5mg9z2b6/T/XcodeDistPipeline.~~~A9XvPl/Root/Payload/Footsee.app/Frameworks/iOSDFULibrary.framework/iOSDFULibrary'
2021-06-22 18:17:53 +0000  /Applications/Xcode.app/Contents/Developer/Toolchains/XcodeDefault.xctoolchain/usr/bin/bitcode_strip exited with 0
2021-06-22 18:17:53 +0000  Running /Applications/Xcode.app/Contents/Developer/Toolchains/XcodeDefault.xctoolchain/usr/bin/bitcode_strip '/var/folders/3t/grkshll964n5xz4mxwr7ts5mg9z2b6/T/XcodeDistPipeline.~~~A9XvPl/Root/Payload/Footsee.app/Footsee' '-r' '-o' '/var/folders/3t/grkshll964n5xz4mxwr7ts5mg9z2b6/T/XcodeDistPipeline.~~~A9XvPl/Root/Payload/Footsee.app/Footsee'
2021-06-22 18:17:53 +0000  /Applications/Xcode.app/Contents/Developer/Toolchains/XcodeDefault.xctoolchain/usr/bin/bitcode_strip exited with 0
2021-06-22 18:17:53 +0000  Processing step: IDEDistributionCopyBCSymbolMapsStep
2021-06-22 18:17:53 +0000  Skipping step: IDEDistributionCopyBCSymbolMapsStep because it said so
2021-06-22 18:17:53 +0000  Skipping step: IDEDistributionCopyBCSymbolMapsStep because it said so
2021-06-22 18:17:53 +0000  Skipping step: IDEDistributionCopyBCSymbolMapsStep because it said so
2021-06-22 18:17:53 +0000  Skipping step: IDEDistributionCopyBCSymbolMapsStep because it said so
2021-06-22 18:17:53 +0000  Skipping step: IDEDistributionCopyBCSymbolMapsStep because it said so
2021-06-22 18:17:53 +0000  Skipping step: IDEDistributionCopyBCSymbolMapsStep because it said so
2021-06-22 18:17:53 +0000  Skipping step: IDEDistributionCopyBCSymbolMapsStep because it said so
2021-06-22 18:17:53 +0000  Skipping step: IDEDistributionCopyBCSymbolMapsStep because it said so
2021-06-22 18:17:53 +0000  Skipping step: IDEDistributionCopyBCSymbolMapsStep because it said so
2021-06-22 18:17:53 +0000  Processing step: IDEDistributionSymbolsStep
2021-06-22 18:17:53 +0000  Skipping step: IDEDistributionSymbolsStep because it said so
2021-06-22 18:17:53 +0000  Skipping step: IDEDistributionSymbolsStep because it said so
2021-06-22 18:17:53 +0000  Skipping step: IDEDistributionSymbolsStep because it said so
2021-06-22 18:17:53 +0000  Skipping step: IDEDistributionSymbolsStep because it said so
2021-06-22 18:17:53 +0000  Skipping step: IDEDistributionSymbolsStep because it said so
2021-06-22 18:17:53 +0000  Skipping step: IDEDistributionSymbolsStep because it said so
2021-06-22 18:17:53 +0000  Skipping step: IDEDistributionSymbolsStep because it said so
2021-06-22 18:17:53 +0000  Skipping step: IDEDistributionSymbolsStep because it said so
2021-06-22 18:17:53 +0000  Skipping step: IDEDistributionSymbolsStep because it said so
2021-06-22 18:17:53 +0000  Processing step: IDEDistributionAppThinningStep
2021-06-22 18:17:53 +0000  Skipping step: IDEDistributionAppThinningStep because it said so
2021-06-22 18:17:53 +0000  Processing step: IDEDistributionArchThinningStep
2021-06-22 18:17:53 +0000  Running /Applications/Xcode.app/Contents/Developer/Toolchains/XcodeDefault.xctoolchain/usr/bin/lipo '/var/folders/3t/grkshll964n5xz4mxwr7ts5mg9z2b6/T/XcodeDistPipeline.~~~A9XvPl/Root/Payload/Footsee.app/Frameworks/BoltsSwift.framework/BoltsSwift' '-verify_arch' 'arm64e'
2021-06-22 18:17:53 +0000  /Applications/Xcode.app/Contents/Developer/Toolchains/XcodeDefault.xctoolchain/usr/bin/lipo exited with 1
2021-06-22 18:17:53 +0000  Skipping architecture thinning for item "BoltsSwift" because arch "arm64e" wasn't found
2021-06-22 18:17:53 +0000  Running /Applications/Xcode.app/Contents/Developer/Toolchains/XcodeDefault.xctoolchain/usr/bin/lipo '/var/folders/3t/grkshll964n5xz4mxwr7ts5mg9z2b6/T/XcodeDistPipeline.~~~A9XvPl/Root/Payload/Footsee.app/Frameworks/DropDown.framework/DropDown' '-verify_arch' 'arm64e'
2021-06-22 18:17:53 +0000  /Applications/Xcode.app/Contents/Developer/Toolchains/XcodeDefault.xctoolchain/usr/bin/lipo exited with 1
2021-06-22 18:17:53 +0000  Skipping architecture thinning for item "DropDown" because arch "arm64e" wasn't found
2021-06-22 18:17:53 +0000  Running /Applications/Xcode.app/Contents/Developer/Toolchains/XcodeDefault.xctoolchain/usr/bin/lipo '/var/folders/3t/grkshll964n5xz4mxwr7ts5mg9z2b6/T/XcodeDistPipeline.~~~A9XvPl/Root/Payload/Footsee.app/Frameworks/FormTextField.framework/FormTextField' '-verify_arch' 'arm64e'
2021-06-22 18:17:53 +0000  /Applications/Xcode.app/Contents/Developer/Toolchains/XcodeDefault.xctoolchain/usr/bin/lipo exited with 1
2021-06-22 18:17:53 +0000  Skipping architecture thinning for item "FormTextField" because arch "arm64e" wasn't found
2021-06-22 18:17:53 +0000  Running /Applications/Xcode.app/Contents/Developer/Toolchains/XcodeDefault.xctoolchain/usr/bin/lipo '/var/folders/3t/grkshll964n5xz4mxwr7ts5mg9z2b6/T/XcodeDistPipeline.~~~A9XvPl/Root/Payload/Footsee.app/Frameworks/MBProgressHUD.framework/MBProgressHUD' '-verify_arch' 'arm64e'
2021-06-22 18:17:53 +0000  /Applications/Xcode.app/Contents/Developer/Toolchains/XcodeDefault.xctoolchain/usr/bin/lipo exited with 1
2021-06-22 18:17:53 +0000  Skipping architecture thinning for item "MBProgressHUD" because arch "arm64e" wasn't found
2021-06-22 18:17:53 +0000  Running /Applications/Xcode.app/Contents/Developer/Toolchains/XcodeDefault.xctoolchain/usr/bin/lipo '/var/folders/3t/grkshll964n5xz4mxwr7ts5mg9z2b6/T/XcodeDistPipeline.~~~A9XvPl/Root/Payload/Footsee.app/Frameworks/MetaWear.framework/MetaWear' '-verify_arch' 'arm64e'
2021-06-22 18:17:53 +0000  /Applications/Xcode.app/Contents/Developer/Toolchains/XcodeDefault.xctoolchain/usr/bin/lipo exited with 1
2021-06-22 18:17:53 +0000  Skipping architecture thinning for item "MetaWear" because arch "arm64e" wasn't found
2021-06-22 18:17:53 +0000  Running /Applications/Xcode.app/Contents/Developer/Toolchains/XcodeDefault.xctoolchain/usr/bin/lipo '/var/folders/3t/grkshll964n5xz4mxwr7ts5mg9z2b6/T/XcodeDistPipeline.~~~A9XvPl/Root/Payload/Footsee.app/Frameworks/SwiftProtobuf.framework/SwiftProtobuf' '-verify_arch' 'arm64e'
2021-06-22 18:17:53 +0000  /Applications/Xcode.app/Contents/Developer/Toolchains/XcodeDefault.xctoolchain/usr/bin/lipo exited with 1
2021-06-22 18:17:53 +0000  Skipping architecture thinning for item "SwiftProtobuf" because arch "arm64e" wasn't found
2021-06-22 18:17:53 +0000  Running /Applications/Xcode.app/Contents/Developer/Toolchains/XcodeDefault.xctoolchain/usr/bin/lipo '/var/folders/3t/grkshll964n5xz4mxwr7ts5mg9z2b6/T/XcodeDistPipeline.~~~A9XvPl/Root/Payload/Footsee.app/Frameworks/ZIPFoundation.framework/ZIPFoundation' '-verify_arch' 'arm64e'
2021-06-22 18:17:53 +0000  /Applications/Xcode.app/Contents/Developer/Toolchains/XcodeDefault.xctoolchain/usr/bin/lipo exited with 1
2021-06-22 18:17:53 +0000  Skipping architecture thinning for item "ZIPFoundation" because arch "arm64e" wasn't found
2021-06-22 18:17:53 +0000  Running /Applications/Xcode.app/Contents/Developer/Toolchains/XcodeDefault.xctoolchain/usr/bin/lipo '/var/folders/3t/grkshll964n5xz4mxwr7ts5mg9z2b6/T/XcodeDistPipeline.~~~A9XvPl/Root/Payload/Footsee.app/Frameworks/iOSDFULibrary.framework/iOSDFULibrary' '-verify_arch' 'arm64e'
2021-06-22 18:17:53 +0000  /Applications/Xcode.app/Contents/Developer/Toolchains/XcodeDefault.xctoolchain/usr/bin/lipo exited with 1
2021-06-22 18:17:53 +0000  Skipping architecture thinning for item "iOSDFULibrary" because arch "arm64e" wasn't found
2021-06-22 18:17:53 +0000  Running /Applications/Xcode.app/Contents/Developer/Toolchains/XcodeDefault.xctoolchain/usr/bin/lipo '/var/folders/3t/grkshll964n5xz4mxwr7ts5mg9z2b6/T/XcodeDistPipeline.~~~A9XvPl/Root/Payload/Footsee.app/Footsee' '-verify_arch' 'arm64e'
2021-06-22 18:17:53 +0000  /Applications/Xcode.app/Contents/Developer/Toolchains/XcodeDefault.xctoolchain/usr/bin/lipo exited with 1
2021-06-22 18:17:53 +0000  Skipping architecture thinning for item "Footsee" because arch "arm64e" wasn't found
2021-06-22 18:17:53 +0000  Processing step: IDEDistributionODRStep
2021-06-22 18:17:53 +0000  Processing step: IDEDistributionStripXattrsStep
2021-06-22 18:17:53 +0000  Skipping stripping extended attributes of item: <IDEDistributionItem: 0x7f8c1f94be90; bundleID='org.cocoapods.BoltsSwift', path='<DVTFilePath:0x7f8c38fe8ca0:'/Users/hadsunil/Library/Developer/Xcode/Archives/2021-06-19/Footsee 6-19-21, 10.03 AM.xcarchive/Products/Applications/Footsee.app/Frameworks/BoltsSwift.framework'>', codeSigningInfo='<_DVTCodeSigningInformation_Path: 0x7f8c12ffa290; isSigned='1', isAdHocSigned='0', signingCertificate='<DVTSigningCertificate: 0x7f8c1f939ea0; name='Apple Development: sunilhadap@hotmail.com (ZJV83KS28T)', hash='D0F687E39EC9278608D707556F0630C226096A96', serialNumber='<DVTSigningCertificateSerialNumber: 0x7f8c1f95e500>', certificateKinds='(
    "1.2.840.113635.100.6.1.12",
    "1.2.840.113635.100.6.1.2"
), issueDate='2021-06-15 11:39:28 +0000''>', entitlements='(null)', teamID='A25W4243CS', identifier='org.cocoapods.BoltsSwift', executablePath='<DVTFilePath:0x7f8c12f055a0:'/Users/hadsunil/Library/Developer/Xcode/Archives/2021-06-19/Footsee 6-19-21, 10.03 AM.xcarchive/Products/Applications/Footsee.app/Frameworks/BoltsSwift.framework/BoltsSwift'>', hardenedRuntime='0'>'>
2021-06-22 18:17:53 +0000  Skipping stripping extended attributes of item: <IDEDistributionItem: 0x7f8c12fd1420; bundleID='org.cocoapods.DropDown', path='<DVTFilePath:0x7f8c123af350:'/Users/hadsunil/Library/Developer/Xcode/Archives/2021-06-19/Footsee 6-19-21, 10.03 AM.xcarchive/Products/Applications/Footsee.app/Frameworks/DropDown.framework'>', codeSigningInfo='<_DVTCodeSigningInformation_Path: 0x7f8c13d1f150; isSigned='1', isAdHocSigned='0', signingCertificate='<DVTSigningCertificate: 0x7f8c13c779c0; name='Apple Development: sunilhadap@hotmail.com (ZJV83KS28T)', hash='D0F687E39EC9278608D707556F0630C226096A96', serialNumber='<DVTSigningCertificateSerialNumber: 0x7f8c13c7ae00>', certificateKinds='(
    "1.2.840.113635.100.6.1.12",
    "1.2.840.113635.100.6.1.2"
), issueDate='2021-06-15 11:39:28 +0000''>', entitlements='(null)', teamID='A25W4243CS', identifier='org.cocoapods.DropDown', executablePath='<DVTFilePath:0x7f8c125cf0a0:'/Users/hadsunil/Library/Developer/Xcode/Archives/2021-06-19/Footsee 6-19-21, 10.03 AM.xcarchive/Products/Applications/Footsee.app/Frameworks/DropDown.framework/DropDown'>', hardenedRuntime='0'>'>
2021-06-22 18:17:53 +0000  Skipping stripping extended attributes of item: <IDEDistributionItem: 0x7f8c1f94b6b0; bundleID='org.cocoapods.FormTextField', path='<DVTFilePath:0x7f8c122ec540:'/Users/hadsunil/Library/Developer/Xcode/Archives/2021-06-19/Footsee 6-19-21, 10.03 AM.xcarchive/Products/Applications/Footsee.app/Frameworks/FormTextField.framework'>', codeSigningInfo='<_DVTCodeSigningInformation_Path: 0x7f8c13c61d20; isSigned='1', isAdHocSigned='0', signingCertificate='<DVTSigningCertificate: 0x7f8c1f939e70; name='Apple Development: sunilhadap@hotmail.com (ZJV83KS28T)', hash='D0F687E39EC9278608D707556F0630C226096A96', serialNumber='<DVTSigningCertificateSerialNumber: 0x7f8c1f93a130>', certificateKinds='(
    "1.2.840.113635.100.6.1.12",
    "1.2.840.113635.100.6.1.2"
), issueDate='2021-06-15 11:39:28 +0000''>', entitlements='(null)', teamID='A25W4243CS', identifier='org.cocoapods.FormTextField', executablePath='<DVTFilePath:0x7f8c12f6f6a0:'/Users/hadsunil/Library/Developer/Xcode/Archives/2021-06-19/Footsee 6-19-21, 10.03 AM.xcarchive/Products/Applications/Footsee.app/Frameworks/FormTextField.framework/FormTextField'>', hardenedRuntime='0'>'>
2021-06-22 18:17:53 +0000  Skipping stripping extended attributes of item: <IDEDistributionItem: 0x7f8c1f90e970; bundleID='org.cocoapods.MBProgressHUD', path='<DVTFilePath:0x7f8c12f7f6e0:'/Users/hadsunil/Library/Developer/Xcode/Archives/2021-06-19/Footsee 6-19-21, 10.03 AM.xcarchive/Products/Applications/Footsee.app/Frameworks/MBProgressHUD.framework'>', codeSigningInfo='<_DVTCodeSigningInformation_Path: 0x7f8c13c589b0; isSigned='1', isAdHocSigned='0', signingCertificate='<DVTSigningCertificate: 0x7f8c1f96d540; name='Apple Development: sunilhadap@hotmail.com (ZJV83KS28T)', hash='D0F687E39EC9278608D707556F0630C226096A96', serialNumber='<DVTSigningCertificateSerialNumber: 0x7f8c1f96d670>', certificateKinds='(
    "1.2.840.113635.100.6.1.12",
    "1.2.840.113635.100.6.1.2"
), issueDate='2021-06-15 11:39:28 +0000''>', entitlements='(null)', teamID='A25W4243CS', identifier='org.cocoapods.MBProgressHUD', executablePath='<DVTFilePath:0x7f8c2ffbb1d0:'/Users/hadsunil/Library/Developer/Xcode/Archives/2021-06-19/Footsee 6-19-21, 10.03 AM.xcarchive/Products/Applications/Footsee.app/Frameworks/MBProgressHUD.framework/MBProgressHUD'>', hardenedRuntime='0'>'>
2021-06-22 18:17:53 +0000  Skipping stripping extended attributes of item: <IDEDistributionItem: 0x7f8c12f93220; bundleID='org.cocoapods.MetaWear', path='<DVTFilePath:0x7f8c124f84d0:'/Users/hadsunil/Library/Developer/Xcode/Archives/2021-06-19/Footsee 6-19-21, 10.03 AM.xcarchive/Products/Applications/Footsee.app/Frameworks/MetaWear.framework'>', codeSigningInfo='<_DVTCodeSigningInformation_Path: 0x7f8c12d04b20; isSigned='1', isAdHocSigned='0', signingCertificate='<DVTSigningCertificate: 0x7f8c1f94b920; name='Apple Development: sunilhadap@hotmail.com (ZJV83KS28T)', hash='D0F687E39EC9278608D707556F0630C226096A96', serialNumber='<DVTSigningCertificateSerialNumber: 0x7f8c1f969110>', certificateKinds='(
    "1.2.840.113635.100.6.1.12",
    "1.2.840.113635.100.6.1.2"
), issueDate='2021-06-15 11:39:28 +0000''>', entitlements='(null)', teamID='A25W4243CS', identifier='org.cocoapods.MetaWear', executablePath='<DVTFilePath:0x7f8c123d9d30:'/Users/hadsunil/Library/Developer/Xcode/Archives/2021-06-19/Footsee 6-19-21, 10.03 AM.xcarchive/Products/Applications/Footsee.app/Frameworks/MetaWear.framework/MetaWear'>', hardenedRuntime='0'>'>
2021-06-22 18:17:53 +0000  Skipping stripping extended attributes of item: <IDEDistributionItem: 0x7f8c123acc90; bundleID='org.cocoapods.SwiftProtobuf', path='<DVTFilePath:0x7f8c12f5b3d0:'/Users/hadsunil/Library/Developer/Xcode/Archives/2021-06-19/Footsee 6-19-21, 10.03 AM.xcarchive/Products/Applications/Footsee.app/Frameworks/SwiftProtobuf.framework'>', codeSigningInfo='<_DVTCodeSigningInformation_Path: 0x7f8c13d2ea10; isSigned='1', isAdHocSigned='0', signingCertificate='<DVTSigningCertificate: 0x7f8c13d2b0e0; name='Apple Development: sunilhadap@hotmail.com (ZJV83KS28T)', hash='D0F687E39EC9278608D707556F0630C226096A96', serialNumber='<DVTSigningCertificateSerialNumber: 0x7f8c1f968f70>', certificateKinds='(
    "1.2.840.113635.100.6.1.12",
    "1.2.840.113635.100.6.1.2"
), issueDate='2021-06-15 11:39:28 +0000''>', entitlements='(null)', teamID='A25W4243CS', identifier='org.cocoapods.SwiftProtobuf', executablePath='<DVTFilePath:0x7f8c123c20d0:'/Users/hadsunil/Library/Developer/Xcode/Archives/2021-06-19/Footsee 6-19-21, 10.03 AM.xcarchive/Products/Applications/Footsee.app/Frameworks/SwiftProtobuf.framework/SwiftProtobuf'>', hardenedRuntime='0'>'>
2021-06-22 18:17:53 +0000  Skipping stripping extended attributes of item: <IDEDistributionItem: 0x7f8c1f954e20; bundleID='org.cocoapods.ZIPFoundation', path='<DVTFilePath:0x7f8c12f158d0:'/Users/hadsunil/Library/Developer/Xcode/Archives/2021-06-19/Footsee 6-19-21, 10.03 AM.xcarchive/Products/Applications/Footsee.app/Frameworks/ZIPFoundation.framework'>', codeSigningInfo='<_DVTCodeSigningInformation_Path: 0x7f8c12ff1550; isSigned='1', isAdHocSigned='0', signingCertificate='<DVTSigningCertificate: 0x7f8c1f97e590; name='Apple Development: sunilhadap@hotmail.com (ZJV83KS28T)', hash='D0F687E39EC9278608D707556F0630C226096A96', serialNumber='<DVTSigningCertificateSerialNumber: 0x7f8c1f969110>', certificateKinds='(
    "1.2.840.113635.100.6.1.12",
    "1.2.840.113635.100.6.1.2"
), issueDate='2021-06-15 11:39:28 +0000''>', entitlements='(null)', teamID='A25W4243CS', identifier='org.cocoapods.ZIPFoundation', executablePath='<DVTFilePath:0x7f8c121d0140:'/Users/hadsunil/Library/Developer/Xcode/Archives/2021-06-19/Footsee 6-19-21, 10.03 AM.xcarchive/Products/Applications/Footsee.app/Frameworks/ZIPFoundation.framework/ZIPFoundation'>', hardenedRuntime='0'>'>
2021-06-22 18:17:53 +0000  Skipping stripping extended attributes of item: <IDEDistributionItem: 0x7f8c13c56ce0; bundleID='org.cocoapods.iOSDFULibrary', path='<DVTFilePath:0x7f8c3049be50:'/Users/hadsunil/Library/Developer/Xcode/Archives/2021-06-19/Footsee 6-19-21, 10.03 AM.xcarchive/Products/Applications/Footsee.app/Frameworks/iOSDFULibrary.framework'>', codeSigningInfo='<_DVTCodeSigningInformation_Path: 0x7f8c12fc2de0; isSigned='1', isAdHocSigned='0', signingCertificate='<DVTSigningCertificate: 0x7f8c1f94bc00; name='Apple Development: sunilhadap@hotmail.com (ZJV83KS28T)', hash='D0F687E39EC9278608D707556F0630C226096A96', serialNumber='<DVTSigningCertificateSerialNumber: 0x7f8c1f94bcb0>', certificateKinds='(
    "1.2.840.113635.100.6.1.12",
    "1.2.840.113635.100.6.1.2"
), issueDate='2021-06-15 11:39:28 +0000''>', entitlements='(null)', teamID='A25W4243CS', identifier='org.cocoapods.iOSDFULibrary', executablePath='<DVTFilePath:0x7f8c12f6fa20:'/Users/hadsunil/Library/Developer/Xcode/Archives/2021-06-19/Footsee 6-19-21, 10.03 AM.xcarchive/Products/Applications/Footsee.app/Frameworks/iOSDFULibrary.framework/iOSDFULibrary'>', hardenedRuntime='0'>'>
2021-06-22 18:17:53 +0000  Running /usr/bin/xattr '-crs' '/var/folders/3t/grkshll964n5xz4mxwr7ts5mg9z2b6/T/XcodeDistPipeline.~~~A9XvPl/Root/Payload/Footsee.app'
2021-06-22 18:17:53 +0000  /usr/bin/xattr exited with 0
2021-06-22 18:17:53 +0000  Processing step: IDEDistributionCodesignStep
2021-06-22 18:17:53 +0000  Entitlements for <IDEDistributionItem: 0x7f8c1f94be90; bundleID='org.cocoapods.BoltsSwift', path='<DVTFilePath:0x7f8c38fe8ca0:'/Users/hadsunil/Library/Developer/Xcode/Archives/2021-06-19/Footsee 6-19-21, 10.03 AM.xcarchive/Products/Applications/Footsee.app/Frameworks/BoltsSwift.framework'>', codeSigningInfo='<_DVTCodeSigningInformation_Path: 0x7f8c12ffa290; isSigned='1', isAdHocSigned='0', signingCertificate='<DVTSigningCertificate: 0x7f8c1f97ea30; name='Apple Development: sunilhadap@hotmail.com (ZJV83KS28T)', hash='D0F687E39EC9278608D707556F0630C226096A96', serialNumber='<DVTSigningCertificateSerialNumber: 0x7f8c1f97eb60>', certificateKinds='(
    "1.2.840.113635.100.6.1.12",
    "1.2.840.113635.100.6.1.2"
), issueDate='2021-06-15 11:39:28 +0000''>', entitlements='(null)', teamID='A25W4243CS', identifier='org.cocoapods.BoltsSwift', executablePath='<DVTFilePath:0x7f8c12f055a0:'/Users/hadsunil/Library/Developer/Xcode/Archives/2021-06-19/Footsee 6-19-21, 10.03 AM.xcarchive/Products/Applications/Footsee.app/Frameworks/BoltsSwift.framework/BoltsSwift'>', hardenedRuntime='0'>'>: {
}
2021-06-22 18:17:53 +0000  Entitlements for <IDEDistributionItem: 0x7f8c1f94be90; bundleID='org.cocoapods.BoltsSwift', path='<DVTFilePath:0x7f8c38fe8ca0:'/Users/hadsunil/Library/Developer/Xcode/Archives/2021-06-19/Footsee 6-19-21, 10.03 AM.xcarchive/Products/Applications/Footsee.app/Frameworks/BoltsSwift.framework'>', codeSigningInfo='<_DVTCodeSigningInformation_Path: 0x7f8c12ffa290; isSigned='1', isAdHocSigned='0', signingCertificate='<DVTSigningCertificate: 0x7f8c12d09560; name='Apple Development: sunilhadap@hotmail.com (ZJV83KS28T)', hash='D0F687E39EC9278608D707556F0630C226096A96', serialNumber='<DVTSigningCertificateSerialNumber: 0x7f8c12d096c0>', certificateKinds='(
    "1.2.840.113635.100.6.1.12",
    "1.2.840.113635.100.6.1.2"
), issueDate='2021-06-15 11:39:28 +0000''>', entitlements='(null)', teamID='A25W4243CS', identifier='org.cocoapods.BoltsSwift', executablePath='<DVTFilePath:0x7f8c12f055a0:'/Users/hadsunil/Library/Developer/Xcode/Archives/2021-06-19/Footsee 6-19-21, 10.03 AM.xcarchive/Products/Applications/Footsee.app/Frameworks/BoltsSwift.framework/BoltsSwift'>', hardenedRuntime='0'>'> are: {
}
2021-06-22 18:17:53 +0000  Writing entitlements for <IDEDistributionItem: 0x7f8c1f94be90; bundleID='org.cocoapods.BoltsSwift', path='<DVTFilePath:0x7f8c38fe8ca0:'/Users/hadsunil/Library/Developer/Xcode/Archives/2021-06-19/Footsee 6-19-21, 10.03 AM.xcarchive/Products/Applications/Footsee.app/Frameworks/BoltsSwift.framework'>', codeSigningInfo='<_DVTCodeSigningInformation_Path: 0x7f8c12ffa290; isSigned='1', isAdHocSigned='0', signingCertificate='<DVTSigningCertificate: 0x7f8c1f95c310; name='Apple Development: sunilhadap@hotmail.com (ZJV83KS28T)', hash='D0F687E39EC9278608D707556F0630C226096A96', serialNumber='<DVTSigningCertificateSerialNumber: 0x7f8c1f96d840>', certificateKinds='(
    "1.2.840.113635.100.6.1.12",
    "1.2.840.113635.100.6.1.2"
), issueDate='2021-06-15 11:39:28 +0000''>', entitlements='(null)', teamID='A25W4243CS', identifier='org.cocoapods.BoltsSwift', executablePath='<DVTFilePath:0x7f8c12f055a0:'/Users/hadsunil/Library/Developer/Xcode/Archives/2021-06-19/Footsee 6-19-21, 10.03 AM.xcarchive/Products/Applications/Footsee.app/Frameworks/BoltsSwift.framework/BoltsSwift'>', hardenedRuntime='0'>'> to: /var/folders/3t/grkshll964n5xz4mxwr7ts5mg9z2b6/T/XcodeDistPipeline.~~~A9XvPl/entitlements~~~jqK0nU
2021-06-22 18:17:53 +0000  Running /usr/bin/codesign '-vvv' '--force' '--sign' '212727D53F4E593929CE7A6F7FE74B7C615D4295' '--entitlements' '/var/folders/3t/grkshll964n5xz4mxwr7ts5mg9z2b6/T/XcodeDistPipeline.~~~A9XvPl/entitlements~~~jqK0nU' '--preserve-metadata=identifier,flags,runtime' '/var/folders/3t/grkshll964n5xz4mxwr7ts5mg9z2b6/T/XcodeDistPipeline.~~~A9XvPl/Root/Payload/Footsee.app/Frameworks/BoltsSwift.framework'
2021-06-22 18:17:53 +0000  /var/folders/3t/grkshll964n5xz4mxwr7ts5mg9z2b6/T/XcodeDistPipeline.~~~A9XvPl/Root/Payload/Footsee.app/Frameworks/BoltsSwift.framework: signed bundle with Mach-O universal (arm64) [org.cocoapods.BoltsSwift]
2021-06-22 18:17:53 +0000  /usr/bin/codesign exited with 0
2021-06-22 18:17:54 +0000  Entitlements for <IDEDistributionItem: 0x7f8c12fd1420; bundleID='org.cocoapods.DropDown', path='<DVTFilePath:0x7f8c123af350:'/Users/hadsunil/Library/Developer/Xcode/Archives/2021-06-19/Footsee 6-19-21, 10.03 AM.xcarchive/Products/Applications/Footsee.app/Frameworks/DropDown.framework'>', codeSigningInfo='<_DVTCodeSigningInformation_Path: 0x7f8c13d1f150; isSigned='1', isAdHocSigned='0', signingCertificate='<DVTSigningCertificate: 0x7f8c12d17860; name='Apple Development: sunilhadap@hotmail.com (ZJV83KS28T)', hash='D0F687E39EC9278608D707556F0630C226096A96', serialNumber='<DVTSigningCertificateSerialNumber: 0x7f8c12d17bc0>', certificateKinds='(
    "1.2.840.113635.100.6.1.12",
    "1.2.840.113635.100.6.1.2"
), issueDate='2021-06-15 11:39:28 +0000''>', entitlements='(null)', teamID='A25W4243CS', identifier='org.cocoapods.DropDown', executablePath='<DVTFilePath:0x7f8c125cf0a0:'/Users/hadsunil/Library/Developer/Xcode/Archives/2021-06-19/Footsee 6-19-21, 10.03 AM.xcarchive/Products/Applications/Footsee.app/Frameworks/DropDown.framework/DropDown'>', hardenedRuntime='0'>'>: {
}
2021-06-22 18:17:54 +0000  Entitlements for <IDEDistributionItem: 0x7f8c12fd1420; bundleID='org.cocoapods.DropDown', path='<DVTFilePath:0x7f8c123af350:'/Users/hadsunil/Library/Developer/Xcode/Archives/2021-06-19/Footsee 6-19-21, 10.03 AM.xcarchive/Products/Applications/Footsee.app/Frameworks/DropDown.framework'>', codeSigningInfo='<_DVTCodeSigningInformation_Path: 0x7f8c13d1f150; isSigned='1', isAdHocSigned='0', signingCertificate='<DVTSigningCertificate: 0x7f8c1f94bc00; name='Apple Development: sunilhadap@hotmail.com (ZJV83KS28T)', hash='D0F687E39EC9278608D707556F0630C226096A96', serialNumber='<DVTSigningCertificateSerialNumber: 0x7f8c1f95e3f0>', certificateKinds='(
    "1.2.840.113635.100.6.1.12",
    "1.2.840.113635.100.6.1.2"
), issueDate='2021-06-15 11:39:28 +0000''>', entitlements='(null)', teamID='A25W4243CS', identifier='org.cocoapods.DropDown', executablePath='<DVTFilePath:0x7f8c125cf0a0:'/Users/hadsunil/Library/Developer/Xcode/Archives/2021-06-19/Footsee 6-19-21, 10.03 AM.xcarchive/Products/Applications/Footsee.app/Frameworks/DropDown.framework/DropDown'>', hardenedRuntime='0'>'> are: {
}
2021-06-22 18:17:54 +0000  Writing entitlements for <IDEDistributionItem: 0x7f8c12fd1420; bundleID='org.cocoapods.DropDown', path='<DVTFilePath:0x7f8c123af350:'/Users/hadsunil/Library/Developer/Xcode/Archives/2021-06-19/Footsee 6-19-21, 10.03 AM.xcarchive/Products/Applications/Footsee.app/Frameworks/DropDown.framework'>', codeSigningInfo='<_DVTCodeSigningInformation_Path: 0x7f8c13d1f150; isSigned='1', isAdHocSigned='0', signingCertificate='<DVTSigningCertificate: 0x7f8c13c776d0; name='Apple Development: sunilhadap@hotmail.com (ZJV83KS28T)', hash='D0F687E39EC9278608D707556F0630C226096A96', serialNumber='<DVTSigningCertificateSerialNumber: 0x7f8c36f2ddb0>', certificateKinds='(
    "1.2.840.113635.100.6.1.12",
    "1.2.840.113635.100.6.1.2"
), issueDate='2021-06-15 11:39:28 +0000''>', entitlements='(null)', teamID='A25W4243CS', identifier='org.cocoapods.DropDown', executablePath='<DVTFilePath:0x7f8c125cf0a0:'/Users/hadsunil/Library/Developer/Xcode/Archives/2021-06-19/Footsee 6-19-21, 10.03 AM.xcarchive/Products/Applications/Footsee.app/Frameworks/DropDown.framework/DropDown'>', hardenedRuntime='0'>'> to: /var/folders/3t/grkshll964n5xz4mxwr7ts5mg9z2b6/T/XcodeDistPipeline.~~~A9XvPl/entitlements~~~lEmRox
2021-06-22 18:17:54 +0000  Running /usr/bin/codesign '-vvv' '--force' '--sign' '212727D53F4E593929CE7A6F7FE74B7C615D4295' '--entitlements' '/var/folders/3t/grkshll964n5xz4mxwr7ts5mg9z2b6/T/XcodeDistPipeline.~~~A9XvPl/entitlements~~~lEmRox' '--preserve-metadata=identifier,flags,runtime' '/var/folders/3t/grkshll964n5xz4mxwr7ts5mg9z2b6/T/XcodeDistPipeline.~~~A9XvPl/Root/Payload/Footsee.app/Frameworks/DropDown.framework'
2021-06-22 18:17:54 +0000  /var/folders/3t/grkshll964n5xz4mxwr7ts5mg9z2b6/T/XcodeDistPipeline.~~~A9XvPl/Root/Payload/Footsee.app/Frameworks/DropDown.framework: signed bundle with Mach-O universal (arm64) [org.cocoapods.DropDown]
2021-06-22 18:17:54 +0000  /usr/bin/codesign exited with 0
2021-06-22 18:17:54 +0000  Entitlements for <IDEDistributionItem: 0x7f8c1f94b6b0; bundleID='org.cocoapods.FormTextField', path='<DVTFilePath:0x7f8c122ec540:'/Users/hadsunil/Library/Developer/Xcode/Archives/2021-06-19/Footsee 6-19-21, 10.03 AM.xcarchive/Products/Applications/Footsee.app/Frameworks/FormTextField.framework'>', codeSigningInfo='<_DVTCodeSigningInformation_Path: 0x7f8c13c61d20; isSigned='1', isAdHocSigned='0', signingCertificate='<DVTSigningCertificate: 0x7f8c13c55900; name='Apple Development: sunilhadap@hotmail.com (ZJV83KS28T)', hash='D0F687E39EC9278608D707556F0630C226096A96', serialNumber='<DVTSigningCertificateSerialNumber: 0x7f8c350eb750>', certificateKinds='(
    "1.2.840.113635.100.6.1.12",
    "1.2.840.113635.100.6.1.2"
), issueDate='2021-06-15 11:39:28 +0000''>', entitlements='(null)', teamID='A25W4243CS', identifier='org.cocoapods.FormTextField', executablePath='<DVTFilePath:0x7f8c12f6f6a0:'/Users/hadsunil/Library/Developer/Xcode/Archives/2021-06-19/Footsee 6-19-21, 10.03 AM.xcarchive/Products/Applications/Footsee.app/Frameworks/FormTextField.framework/FormTextField'>', hardenedRuntime='0'>'>: {
}
2021-06-22 18:17:54 +0000  Entitlements for <IDEDistributionItem: 0x7f8c1f94b6b0; bundleID='org.cocoapods.FormTextField', path='<DVTFilePath:0x7f8c122ec540:'/Users/hadsunil/Library/Developer/Xcode/Archives/2021-06-19/Footsee 6-19-21, 10.03 AM.xcarchive/Products/Applications/Footsee.app/Frameworks/FormTextField.framework'>', codeSigningInfo='<_DVTCodeSigningInformation_Path: 0x7f8c13c61d20; isSigned='1', isAdHocSigned='0', signingCertificate='<DVTSigningCertificate: 0x7f8c1f92f310; name='Apple Development: sunilhadap@hotmail.com (ZJV83KS28T)', hash='D0F687E39EC9278608D707556F0630C226096A96', serialNumber='<DVTSigningCertificateSerialNumber: 0x7f8c1f92f440>', certificateKinds='(
    "1.2.840.113635.100.6.1.12",
    "1.2.840.113635.100.6.1.2"
), issueDate='2021-06-15 11:39:28 +0000''>', entitlements='(null)', teamID='A25W4243CS', identifier='org.cocoapods.FormTextField', executablePath='<DVTFilePath:0x7f8c12f6f6a0:'/Users/hadsunil/Library/Developer/Xcode/Archives/2021-06-19/Footsee 6-19-21, 10.03 AM.xcarchive/Products/Applications/Footsee.app/Frameworks/FormTextField.framework/FormTextField'>', hardenedRuntime='0'>'> are: {
}
2021-06-22 18:17:54 +0000  Writing entitlements for <IDEDistributionItem: 0x7f8c1f94b6b0; bundleID='org.cocoapods.FormTextField', path='<DVTFilePath:0x7f8c122ec540:'/Users/hadsunil/Library/Developer/Xcode/Archives/2021-06-19/Footsee 6-19-21, 10.03 AM.xcarchive/Products/Applications/Footsee.app/Frameworks/FormTextField.framework'>', codeSigningInfo='<_DVTCodeSigningInformation_Path: 0x7f8c13c61d20; isSigned='1', isAdHocSigned='0', signingCertificate='<DVTSigningCertificate: 0x7f8c12d10a80; name='Apple Development: sunilhadap@hotmail.com (ZJV83KS28T)', hash='D0F687E39EC9278608D707556F0630C226096A96', serialNumber='<DVTSigningCertificateSerialNumber: 0x7f8c3ae52840>', certificateKinds='(
    "1.2.840.113635.100.6.1.12",
    "1.2.840.113635.100.6.1.2"
), issueDate='2021-06-15 11:39:28 +0000''>', entitlements='(null)', teamID='A25W4243CS', identifier='org.cocoapods.FormTextField', executablePath='<DVTFilePath:0x7f8c12f6f6a0:'/Users/hadsunil/Library/Developer/Xcode/Archives/2021-06-19/Footsee 6-19-21, 10.03 AM.xcarchive/Products/Applications/Footsee.app/Frameworks/FormTextField.framework/FormTextField'>', hardenedRuntime='0'>'> to: /var/folders/3t/grkshll964n5xz4mxwr7ts5mg9z2b6/T/XcodeDistPipeline.~~~A9XvPl/entitlements~~~iGN18S
2021-06-22 18:17:54 +0000  Running /usr/bin/codesign '-vvv' '--force' '--sign' '212727D53F4E593929CE7A6F7FE74B7C615D4295' '--entitlements' '/var/folders/3t/grkshll964n5xz4mxwr7ts5mg9z2b6/T/XcodeDistPipeline.~~~A9XvPl/entitlements~~~iGN18S' '--preserve-metadata=identifier,flags,runtime' '/var/folders/3t/grkshll964n5xz4mxwr7ts5mg9z2b6/T/XcodeDistPipeline.~~~A9XvPl/Root/Payload/Footsee.app/Frameworks/FormTextField.framework'
2021-06-22 18:17:54 +0000  /var/folders/3t/grkshll964n5xz4mxwr7ts5mg9z2b6/T/XcodeDistPipeline.~~~A9XvPl/Root/Payload/Footsee.app/Frameworks/FormTextField.framework: signed bundle with Mach-O thin (arm64) [org.cocoapods.FormTextField]
2021-06-22 18:17:54 +0000  /usr/bin/codesign exited with 0
2021-06-22 18:17:54 +0000  Entitlements for <IDEDistributionItem: 0x7f8c1f90e970; bundleID='org.cocoapods.MBProgressHUD', path='<DVTFilePath:0x7f8c12f7f6e0:'/Users/hadsunil/Library/Developer/Xcode/Archives/2021-06-19/Footsee 6-19-21, 10.03 AM.xcarchive/Products/Applications/Footsee.app/Frameworks/MBProgressHUD.framework'>', codeSigningInfo='<_DVTCodeSigningInformation_Path: 0x7f8c13c589b0; isSigned='1', isAdHocSigned='0', signingCertificate='<DVTSigningCertificate: 0x7f8c13c72500; name='Apple Development: sunilhadap@hotmail.com (ZJV83KS28T)', hash='D0F687E39EC9278608D707556F0630C226096A96', serialNumber='<DVTSigningCertificateSerialNumber: 0x7f8c12d29480>', certificateKinds='(
    "1.2.840.113635.100.6.1.12",
    "1.2.840.113635.100.6.1.2"
), issueDate='2021-06-15 11:39:28 +0000''>', entitlements='(null)', teamID='A25W4243CS', identifier='org.cocoapods.MBProgressHUD', executablePath='<DVTFilePath:0x7f8c2ffbb1d0:'/Users/hadsunil/Library/Developer/Xcode/Archives/2021-06-19/Footsee 6-19-21, 10.03 AM.xcarchive/Products/Applications/Footsee.app/Frameworks/MBProgressHUD.framework/MBProgressHUD'>', hardenedRuntime='0'>'>: {
}
2021-06-22 18:17:54 +0000  Entitlements for <IDEDistributionItem: 0x7f8c1f90e970; bundleID='org.cocoapods.MBProgressHUD', path='<DVTFilePath:0x7f8c12f7f6e0:'/Users/hadsunil/Library/Developer/Xcode/Archives/2021-06-19/Footsee 6-19-21, 10.03 AM.xcarchive/Products/Applications/Footsee.app/Frameworks/MBProgressHUD.framework'>', codeSigningInfo='<_DVTCodeSigningInformation_Path: 0x7f8c13c589b0; isSigned='1', isAdHocSigned='0', signingCertificate='<DVTSigningCertificate: 0x7f8c1f969290; name='Apple Development: sunilhadap@hotmail.com (ZJV83KS28T)', hash='D0F687E39EC9278608D707556F0630C226096A96', serialNumber='<DVTSigningCertificateSerialNumber: 0x7f8c13d279c0>', certificateKinds='(
    "1.2.840.113635.100.6.1.12",
    "1.2.840.113635.100.6.1.2"
), issueDate='2021-06-15 11:39:28 +0000''>', entitlements='(null)', teamID='A25W4243CS', identifier='org.cocoapods.MBProgressHUD', executablePath='<DVTFilePath:0x7f8c2ffbb1d0:'/Users/hadsunil/Library/Developer/Xcode/Archives/2021-06-19/Footsee 6-19-21, 10.03 AM.xcarchive/Products/Applications/Footsee.app/Frameworks/MBProgressHUD.framework/MBProgressHUD'>', hardenedRuntime='0'>'> are: {
}
2021-06-22 18:17:54 +0000  Writing entitlements for <IDEDistributionItem: 0x7f8c1f90e970; bundleID='org.cocoapods.MBProgressHUD', path='<DVTFilePath:0x7f8c12f7f6e0:'/Users/hadsunil/Library/Developer/Xcode/Archives/2021-06-19/Footsee 6-19-21, 10.03 AM.xcarchive/Products/Applications/Footsee.app/Frameworks/MBProgressHUD.framework'>', codeSigningInfo='<_DVTCodeSigningInformation_Path: 0x7f8c13c589b0; isSigned='1', isAdHocSigned='0', signingCertificate='<DVTSigningCertificate: 0x7f8c1f9762d0; name='Apple Development: sunilhadap@hotmail.com (ZJV83KS28T)', hash='D0F687E39EC9278608D707556F0630C226096A96', serialNumber='<DVTSigningCertificateSerialNumber: 0x7f8c1f969220>', certificateKinds='(
    "1.2.840.113635.100.6.1.12",
    "1.2.840.113635.100.6.1.2"
), issueDate='2021-06-15 11:39:28 +0000''>', entitlements='(null)', teamID='A25W4243CS', identifier='org.cocoapods.MBProgressHUD', executablePath='<DVTFilePath:0x7f8c2ffbb1d0:'/Users/hadsunil/Library/Developer/Xcode/Archives/2021-06-19/Footsee 6-19-21, 10.03 AM.xcarchive/Products/Applications/Footsee.app/Frameworks/MBProgressHUD.framework/MBProgressHUD'>', hardenedRuntime='0'>'> to: /var/folders/3t/grkshll964n5xz4mxwr7ts5mg9z2b6/T/XcodeDistPipeline.~~~A9XvPl/entitlements~~~UGmgXo
2021-06-22 18:17:54 +0000  Running /usr/bin/codesign '-vvv' '--force' '--sign' '212727D53F4E593929CE7A6F7FE74B7C615D4295' '--entitlements' '/var/folders/3t/grkshll964n5xz4mxwr7ts5mg9z2b6/T/XcodeDistPipeline.~~~A9XvPl/entitlements~~~UGmgXo' '--preserve-metadata=identifier,flags,runtime' '/var/folders/3t/grkshll964n5xz4mxwr7ts5mg9z2b6/T/XcodeDistPipeline.~~~A9XvPl/Root/Payload/Footsee.app/Frameworks/MBProgressHUD.framework'
2021-06-22 18:17:54 +0000  /var/folders/3t/grkshll964n5xz4mxwr7ts5mg9z2b6/T/XcodeDistPipeline.~~~A9XvPl/Root/Payload/Footsee.app/Frameworks/MBProgressHUD.framework: signed bundle with Mach-O universal (arm64) [org.cocoapods.MBProgressHUD]
2021-06-22 18:17:54 +0000  /usr/bin/codesign exited with 0
2021-06-22 18:17:54 +0000  Entitlements for <IDEDistributionItem: 0x7f8c12f93220; bundleID='org.cocoapods.MetaWear', path='<DVTFilePath:0x7f8c124f84d0:'/Users/hadsunil/Library/Developer/Xcode/Archives/2021-06-19/Footsee 6-19-21, 10.03 AM.xcarchive/Products/Applications/Footsee.app/Frameworks/MetaWear.framework'>', codeSigningInfo='<_DVTCodeSigningInformation_Path: 0x7f8c12d04b20; isSigned='1', isAdHocSigned='0', signingCertificate='<DVTSigningCertificate: 0x7f8c13d3bfd0; name='Apple Development: sunilhadap@hotmail.com (ZJV83KS28T)', hash='D0F687E39EC9278608D707556F0630C226096A96', serialNumber='<DVTSigningCertificateSerialNumber: 0x7f8c13d304c0>', certificateKinds='(
    "1.2.840.113635.100.6.1.12",
    "1.2.840.113635.100.6.1.2"
), issueDate='2021-06-15 11:39:28 +0000''>', entitlements='(null)', teamID='A25W4243CS', identifier='org.cocoapods.MetaWear', executablePath='<DVTFilePath:0x7f8c123d9d30:'/Users/hadsunil/Library/Developer/Xcode/Archives/2021-06-19/Footsee 6-19-21, 10.03 AM.xcarchive/Products/Applications/Footsee.app/Frameworks/MetaWear.framework/MetaWear'>', hardenedRuntime='0'>'>: {
}
2021-06-22 18:17:54 +0000  Entitlements for <IDEDistributionItem: 0x7f8c12f93220; bundleID='org.cocoapods.MetaWear', path='<DVTFilePath:0x7f8c124f84d0:'/Users/hadsunil/Library/Developer/Xcode/Archives/2021-06-19/Footsee 6-19-21, 10.03 AM.xcarchive/Products/Applications/Footsee.app/Frameworks/MetaWear.framework'>', codeSigningInfo='<_DVTCodeSigningInformation_Path: 0x7f8c12d04b20; isSigned='1', isAdHocSigned='0', signingCertificate='<DVTSigningCertificate: 0x7f8c1f930050; name='Apple Development: sunilhadap@hotmail.com (ZJV83KS28T)', hash='D0F687E39EC9278608D707556F0630C226096A96', serialNumber='<DVTSigningCertificateSerialNumber: 0x7f8c1f930180>', certificateKinds='(
    "1.2.840.113635.100.6.1.12",
    "1.2.840.113635.100.6.1.2"
), issueDate='2021-06-15 11:39:28 +0000''>', entitlements='(null)', teamID='A25W4243CS', identifier='org.cocoapods.MetaWear', executablePath='<DVTFilePath:0x7f8c123d9d30:'/Users/hadsunil/Library/Developer/Xcode/Archives/2021-06-19/Footsee 6-19-21, 10.03 AM.xcarchive/Products/Applications/Footsee.app/Frameworks/MetaWear.framework/MetaWear'>', hardenedRuntime='0'>'> are: {
}
2021-06-22 18:17:54 +0000  Writing entitlements for <IDEDistributionItem: 0x7f8c12f93220; bundleID='org.cocoapods.MetaWear', path='<DVTFilePath:0x7f8c124f84d0:'/Users/hadsunil/Library/Developer/Xcode/Archives/2021-06-19/Footsee 6-19-21, 10.03 AM.xcarchive/Products/Applications/Footsee.app/Frameworks/MetaWear.framework'>', codeSigningInfo='<_DVTCodeSigningInformation_Path: 0x7f8c12d04b20; isSigned='1', isAdHocSigned='0', signingCertificate='<DVTSigningCertificate: 0x7f8c13c777a0; name='Apple Development: sunilhadap@hotmail.com (ZJV83KS28T)', hash='D0F687E39EC9278608D707556F0630C226096A96', serialNumber='<DVTSigningCertificateSerialNumber: 0x7f8c36f2ddb0>', certificateKinds='(
    "1.2.840.113635.100.6.1.12",
    "1.2.840.113635.100.6.1.2"
), issueDate='2021-06-15 11:39:28 +0000''>', entitlements='(null)', teamID='A25W4243CS', identifier='org.cocoapods.MetaWear', executablePath='<DVTFilePath:0x7f8c123d9d30:'/Users/hadsunil/Library/Developer/Xcode/Archives/2021-06-19/Footsee 6-19-21, 10.03 AM.xcarchive/Products/Applications/Footsee.app/Frameworks/MetaWear.framework/MetaWear'>', hardenedRuntime='0'>'> to: /var/folders/3t/grkshll964n5xz4mxwr7ts5mg9z2b6/T/XcodeDistPipeline.~~~A9XvPl/entitlements~~~pXoc7N
2021-06-22 18:17:54 +0000  Running /usr/bin/codesign '-vvv' '--force' '--sign' '212727D53F4E593929CE7A6F7FE74B7C615D4295' '--entitlements' '/var/folders/3t/grkshll964n5xz4mxwr7ts5mg9z2b6/T/XcodeDistPipeline.~~~A9XvPl/entitlements~~~pXoc7N' '--preserve-metadata=identifier,flags,runtime' '/var/folders/3t/grkshll964n5xz4mxwr7ts5mg9z2b6/T/XcodeDistPipeline.~~~A9XvPl/Root/Payload/Footsee.app/Frameworks/MetaWear.framework'
2021-06-22 18:17:54 +0000  /var/folders/3t/grkshll964n5xz4mxwr7ts5mg9z2b6/T/XcodeDistPipeline.~~~A9XvPl/Root/Payload/Footsee.app/Frameworks/MetaWear.framework: signed bundle with Mach-O thin (arm64) [org.cocoapods.MetaWear]
2021-06-22 18:17:54 +0000  
2021-06-22 18:17:54 +0000  /usr/bin/codesign exited with 0
2021-06-22 18:17:54 +0000  Entitlements for <IDEDistributionItem: 0x7f8c123acc90; bundleID='org.cocoapods.SwiftProtobuf', path='<DVTFilePath:0x7f8c12f5b3d0:'/Users/hadsunil/Library/Developer/Xcode/Archives/2021-06-19/Footsee 6-19-21, 10.03 AM.xcarchive/Products/Applications/Footsee.app/Frameworks/SwiftProtobuf.framework'>', codeSigningInfo='<_DVTCodeSigningInformation_Path: 0x7f8c13d2ea10; isSigned='1', isAdHocSigned='0', signingCertificate='<DVTSigningCertificate: 0x7f8c12d14a80; name='Apple Development: sunilhadap@hotmail.com (ZJV83KS28T)', hash='D0F687E39EC9278608D707556F0630C226096A96', serialNumber='<DVTSigningCertificateSerialNumber: 0x7f8c12d14cd0>', certificateKinds='(
    "1.2.840.113635.100.6.1.12",
    "1.2.840.113635.100.6.1.2"
), issueDate='2021-06-15 11:39:28 +0000''>', entitlements='(null)', teamID='A25W4243CS', identifier='org.cocoapods.SwiftProtobuf', executablePath='<DVTFilePath:0x7f8c123c20d0:'/Users/hadsunil/Library/Developer/Xcode/Archives/2021-06-19/Footsee 6-19-21, 10.03 AM.xcarchive/Products/Applications/Footsee.app/Frameworks/SwiftProtobuf.framework/SwiftProtobuf'>', hardenedRuntime='0'>'>: {
}
2021-06-22 18:17:54 +0000  Entitlements for <IDEDistributionItem: 0x7f8c123acc90; bundleID='org.cocoapods.SwiftProtobuf', path='<DVTFilePath:0x7f8c12f5b3d0:'/Users/hadsunil/Library/Developer/Xcode/Archives/2021-06-19/Footsee 6-19-21, 10.03 AM.xcarchive/Products/Applications/Footsee.app/Frameworks/SwiftProtobuf.framework'>', codeSigningInfo='<_DVTCodeSigningInformation_Path: 0x7f8c13d2ea10; isSigned='1', isAdHocSigned='0', signingCertificate='<DVTSigningCertificate: 0x7f8c13d35470; name='Apple Development: sunilhadap@hotmail.com (ZJV83KS28T)', hash='D0F687E39EC9278608D707556F0630C226096A96', serialNumber='<DVTSigningCertificateSerialNumber: 0x7f8c13d35520>', certificateKinds='(
    "1.2.840.113635.100.6.1.12",
    "1.2.840.113635.100.6.1.2"
), issueDate='2021-06-15 11:39:28 +0000''>', entitlements='(null)', teamID='A25W4243CS', identifier='org.cocoapods.SwiftProtobuf', executablePath='<DVTFilePath:0x7f8c123c20d0:'/Users/hadsunil/Library/Developer/Xcode/Archives/2021-06-19/Footsee 6-19-21, 10.03 AM.xcarchive/Products/Applications/Footsee.app/Frameworks/SwiftProtobuf.framework/SwiftProtobuf'>', hardenedRuntime='0'>'> are: {
}
2021-06-22 18:17:54 +0000  Writing entitlements for <IDEDistributionItem: 0x7f8c123acc90; bundleID='org.cocoapods.SwiftProtobuf', path='<DVTFilePath:0x7f8c12f5b3d0:'/Users/hadsunil/Library/Developer/Xcode/Archives/2021-06-19/Footsee 6-19-21, 10.03 AM.xcarchive/Products/Applications/Footsee.app/Frameworks/SwiftProtobuf.framework'>', codeSigningInfo='<_DVTCodeSigningInformation_Path: 0x7f8c13d2ea10; isSigned='1', isAdHocSigned='0', signingCertificate='<DVTSigningCertificate: 0x7f8c1f97e5c0; name='Apple Development: sunilhadap@hotmail.com (ZJV83KS28T)', hash='D0F687E39EC9278608D707556F0630C226096A96', serialNumber='<DVTSigningCertificateSerialNumber: 0x7f8c1f92f440>', certificateKinds='(
    "1.2.840.113635.100.6.1.12",
    "1.2.840.113635.100.6.1.2"
), issueDate='2021-06-15 11:39:28 +0000''>', entitlements='(null)', teamID='A25W4243CS', identifier='org.cocoapods.SwiftProtobuf', executablePath='<DVTFilePath:0x7f8c123c20d0:'/Users/hadsunil/Library/Developer/Xcode/Archives/2021-06-19/Footsee 6-19-21, 10.03 AM.xcarchive/Products/Applications/Footsee.app/Frameworks/SwiftProtobuf.framework/SwiftProtobuf'>', hardenedRuntime='0'>'> to: /var/folders/3t/grkshll964n5xz4mxwr7ts5mg9z2b6/T/XcodeDistPipeline.~~~A9XvPl/entitlements~~~DDdwtM
2021-06-22 18:17:54 +0000  Running /usr/bin/codesign '-vvv' '--force' '--sign' '212727D53F4E593929CE7A6F7FE74B7C615D4295' '--entitlements' '/var/folders/3t/grkshll964n5xz4mxwr7ts5mg9z2b6/T/XcodeDistPipeline.~~~A9XvPl/entitlements~~~DDdwtM' '--preserve-metadata=identifier,flags,runtime' '/var/folders/3t/grkshll964n5xz4mxwr7ts5mg9z2b6/T/XcodeDistPipeline.~~~A9XvPl/Root/Payload/Footsee.app/Frameworks/SwiftProtobuf.framework'
2021-06-22 18:17:54 +0000  /var/folders/3t/grkshll964n5xz4mxwr7ts5mg9z2b6/T/XcodeDistPipeline.~~~A9XvPl/Root/Payload/Footsee.app/Frameworks/SwiftProtobuf.framework: signed bundle with Mach-O universal (arm64) [org.cocoapods.SwiftProtobuf]
2021-06-22 18:17:54 +0000  
2021-06-22 18:17:54 +0000  /usr/bin/codesign exited with 0
2021-06-22 18:17:54 +0000  Entitlements for <IDEDistributionItem: 0x7f8c1f954e20; bundleID='org.cocoapods.ZIPFoundation', path='<DVTFilePath:0x7f8c12f158d0:'/Users/hadsunil/Library/Developer/Xcode/Archives/2021-06-19/Footsee 6-19-21, 10.03 AM.xcarchive/Products/Applications/Footsee.app/Frameworks/ZIPFoundation.framework'>', codeSigningInfo='<_DVTCodeSigningInformation_Path: 0x7f8c12ff1550; isSigned='1', isAdHocSigned='0', signingCertificate='<DVTSigningCertificate: 0x7f8c13c76860; name='Apple Development: sunilhadap@hotmail.com (ZJV83KS28T)', hash='D0F687E39EC9278608D707556F0630C226096A96', serialNumber='<DVTSigningCertificateSerialNumber: 0x7f8c13c76a30>', certificateKinds='(
    "1.2.840.113635.100.6.1.12",
    "1.2.840.113635.100.6.1.2"
), issueDate='2021-06-15 11:39:28 +0000''>', entitlements='(null)', teamID='A25W4243CS', identifier='org.cocoapods.ZIPFoundation', executablePath='<DVTFilePath:0x7f8c121d0140:'/Users/hadsunil/Library/Developer/Xcode/Archives/2021-06-19/Footsee 6-19-21, 10.03 AM.xcarchive/Products/Applications/Footsee.app/Frameworks/ZIPFoundation.framework/ZIPFoundation'>', hardenedRuntime='0'>'>: {
}
2021-06-22 18:17:54 +0000  Entitlements for <IDEDistributionItem: 0x7f8c1f954e20; bundleID='org.cocoapods.ZIPFoundation', path='<DVTFilePath:0x7f8c12f158d0:'/Users/hadsunil/Library/Developer/Xcode/Archives/2021-06-19/Footsee 6-19-21, 10.03 AM.xcarchive/Products/Applications/Footsee.app/Frameworks/ZIPFoundation.framework'>', codeSigningInfo='<_DVTCodeSigningInformation_Path: 0x7f8c12ff1550; isSigned='1', isAdHocSigned='0', signingCertificate='<DVTSigningCertificate: 0x7f8c13d50790; name='Apple Development: sunilhadap@hotmail.com (ZJV83KS28T)', hash='D0F687E39EC9278608D707556F0630C226096A96', serialNumber='<DVTSigningCertificateSerialNumber: 0x7f8c13d3a8a0>', certificateKinds='(
    "1.2.840.113635.100.6.1.12",
    "1.2.840.113635.100.6.1.2"
), issueDate='2021-06-15 11:39:28 +0000''>', entitlements='(null)', teamID='A25W4243CS', identifier='org.cocoapods.ZIPFoundation', executablePath='<DVTFilePath:0x7f8c121d0140:'/Users/hadsunil/Library/Developer/Xcode/Archives/2021-06-19/Footsee 6-19-21, 10.03 AM.xcarchive/Products/Applications/Footsee.app/Frameworks/ZIPFoundation.framework/ZIPFoundation'>', hardenedRuntime='0'>'> are: {
}
2021-06-22 18:17:54 +0000  Writing entitlements for <IDEDistributionItem: 0x7f8c1f954e20; bundleID='org.cocoapods.ZIPFoundation', path='<DVTFilePath:0x7f8c12f158d0:'/Users/hadsunil/Library/Developer/Xcode/Archives/2021-06-19/Footsee 6-19-21, 10.03 AM.xcarchive/Products/Applications/Footsee.app/Frameworks/ZIPFoundation.framework'>', codeSigningInfo='<_DVTCodeSigningInformation_Path: 0x7f8c12ff1550; isSigned='1', isAdHocSigned='0', signingCertificate='<DVTSigningCertificate: 0x7f8c12fd7650; name='Apple Development: sunilhadap@hotmail.com (ZJV83KS28T)', hash='D0F687E39EC9278608D707556F0630C226096A96', serialNumber='<DVTSigningCertificateSerialNumber: 0x7f8c12d119b0>', certificateKinds='(
    "1.2.840.113635.100.6.1.12",
    "1.2.840.113635.100.6.1.2"
), issueDate='2021-06-15 11:39:28 +0000''>', entitlements='(null)', teamID='A25W4243CS', identifier='org.cocoapods.ZIPFoundation', executablePath='<DVTFilePath:0x7f8c121d0140:'/Users/hadsunil/Library/Developer/Xcode/Archives/2021-06-19/Footsee 6-19-21, 10.03 AM.xcarchive/Products/Applications/Footsee.app/Frameworks/ZIPFoundation.framework/ZIPFoundation'>', hardenedRuntime='0'>'> to: /var/folders/3t/grkshll964n5xz4mxwr7ts5mg9z2b6/T/XcodeDistPipeline.~~~A9XvPl/entitlements~~~hMZ6mA
2021-06-22 18:17:54 +0000  Running /usr/bin/codesign '-vvv' '--force' '--sign' '212727D53F4E593929CE7A6F7FE74B7C615D4295' '--entitlements' '/var/folders/3t/grkshll964n5xz4mxwr7ts5mg9z2b6/T/XcodeDistPipeline.~~~A9XvPl/entitlements~~~hMZ6mA' '--preserve-metadata=identifier,flags,runtime' '/var/folders/3t/grkshll964n5xz4mxwr7ts5mg9z2b6/T/XcodeDistPipeline.~~~A9XvPl/Root/Payload/Footsee.app/Frameworks/ZIPFoundation.framework'
2021-06-22 18:17:54 +0000  /var/folders/3t/grkshll964n5xz4mxwr7ts5mg9z2b6/T/XcodeDistPipeline.~~~A9XvPl/Root/Payload/Footsee.app/Frameworks/ZIPFoundation.framework: signed bundle with Mach-O universal (arm64) [org.cocoapods.ZIPFoundation]
2021-06-22 18:17:54 +0000  /usr/bin/codesign exited with 0
2021-06-22 18:17:54 +0000  Entitlements for <IDEDistributionItem: 0x7f8c13c56ce0; bundleID='org.cocoapods.iOSDFULibrary', path='<DVTFilePath:0x7f8c3049be50:'/Users/hadsunil/Library/Developer/Xcode/Archives/2021-06-19/Footsee 6-19-21, 10.03 AM.xcarchive/Products/Applications/Footsee.app/Frameworks/iOSDFULibrary.framework'>', codeSigningInfo='<_DVTCodeSigningInformation_Path: 0x7f8c12fc2de0; isSigned='1', isAdHocSigned='0', signingCertificate='<DVTSigningCertificate: 0x7f8c13d3d000; name='Apple Development: sunilhadap@hotmail.com (ZJV83KS28T)', hash='D0F687E39EC9278608D707556F0630C226096A96', serialNumber='<DVTSigningCertificateSerialNumber: 0x7f8c13d3d130>', certificateKinds='(
    "1.2.840.113635.100.6.1.12",
    "1.2.840.113635.100.6.1.2"
), issueDate='2021-06-15 11:39:28 +0000''>', entitlements='(null)', teamID='A25W4243CS', identifier='org.cocoapods.iOSDFULibrary', executablePath='<DVTFilePath:0x7f8c12f6fa20:'/Users/hadsunil/Library/Developer/Xcode/Archives/2021-06-19/Footsee 6-19-21, 10.03 AM.xcarchive/Products/Applications/Footsee.app/Frameworks/iOSDFULibrary.framework/iOSDFULibrary'>', hardenedRuntime='0'>'>: {
}
2021-06-22 18:17:54 +0000  Entitlements for <IDEDistributionItem: 0x7f8c13c56ce0; bundleID='org.cocoapods.iOSDFULibrary', path='<DVTFilePath:0x7f8c3049be50:'/Users/hadsunil/Library/Developer/Xcode/Archives/2021-06-19/Footsee 6-19-21, 10.03 AM.xcarchive/Products/Applications/Footsee.app/Frameworks/iOSDFULibrary.framework'>', codeSigningInfo='<_DVTCodeSigningInformation_Path: 0x7f8c12fc2de0; isSigned='1', isAdHocSigned='0', signingCertificate='<DVTSigningCertificate: 0x7f8c1f92f310; name='Apple Development: sunilhadap@hotmail.com (ZJV83KS28T)', hash='D0F687E39EC9278608D707556F0630C226096A96', serialNumber='<DVTSigningCertificateSerialNumber: 0x7f8c1f97e770>', certificateKinds='(
    "1.2.840.113635.100.6.1.12",
    "1.2.840.113635.100.6.1.2"
), issueDate='2021-06-15 11:39:28 +0000''>', entitlements='(null)', teamID='A25W4243CS', identifier='org.cocoapods.iOSDFULibrary', executablePath='<DVTFilePath:0x7f8c12f6fa20:'/Users/hadsunil/Library/Developer/Xcode/Archives/2021-06-19/Footsee 6-19-21, 10.03 AM.xcarchive/Products/Applications/Footsee.app/Frameworks/iOSDFULibrary.framework/iOSDFULibrary'>', hardenedRuntime='0'>'> are: {
}
2021-06-22 18:17:54 +0000  Writing entitlements for <IDEDistributionItem: 0x7f8c13c56ce0; bundleID='org.cocoapods.iOSDFULibrary', path='<DVTFilePath:0x7f8c3049be50:'/Users/hadsunil/Library/Developer/Xcode/Archives/2021-06-19/Footsee 6-19-21, 10.03 AM.xcarchive/Products/Applications/Footsee.app/Frameworks/iOSDFULibrary.framework'>', codeSigningInfo='<_DVTCodeSigningInformation_Path: 0x7f8c12fc2de0; isSigned='1', isAdHocSigned='0', signingCertificate='<DVTSigningCertificate: 0x7f8c1f97ecc0; name='Apple Development: sunilhadap@hotmail.com (ZJV83KS28T)', hash='D0F687E39EC9278608D707556F0630C226096A96', serialNumber='<DVTSigningCertificateSerialNumber: 0x7f8c1f96a630>', certificateKinds='(
    "1.2.840.113635.100.6.1.12",
    "1.2.840.113635.100.6.1.2"
), issueDate='2021-06-15 11:39:28 +0000''>', entitlements='(null)', teamID='A25W4243CS', identifier='org.cocoapods.iOSDFULibrary', executablePath='<DVTFilePath:0x7f8c12f6fa20:'/Users/hadsunil/Library/Developer/Xcode/Archives/2021-06-19/Footsee 6-19-21, 10.03 AM.xcarchive/Products/Applications/Footsee.app/Frameworks/iOSDFULibrary.framework/iOSDFULibrary'>', hardenedRuntime='0'>'> to: /var/folders/3t/grkshll964n5xz4mxwr7ts5mg9z2b6/T/XcodeDistPipeline.~~~A9XvPl/entitlements~~~dWmdnE
2021-06-22 18:17:54 +0000  Running /usr/bin/codesign '-vvv' '--force' '--sign' '212727D53F4E593929CE7A6F7FE74B7C615D4295' '--entitlements' '/var/folders/3t/grkshll964n5xz4mxwr7ts5mg9z2b6/T/XcodeDistPipeline.~~~A9XvPl/entitlements~~~dWmdnE' '--preserve-metadata=identifier,flags,runtime' '/var/folders/3t/grkshll964n5xz4mxwr7ts5mg9z2b6/T/XcodeDistPipeline.~~~A9XvPl/Root/Payload/Footsee.app/Frameworks/iOSDFULibrary.framework'
2021-06-22 18:17:54 +0000  /var/folders/3t/grkshll964n5xz4mxwr7ts5mg9z2b6/T/XcodeDistPipeline.~~~A9XvPl/Root/Payload/Footsee.app/Frameworks/iOSDFULibrary.framework: signed bundle with Mach-O universal (arm64) [org.cocoapods.iOSDFULibrary]
2021-06-22 18:17:54 +0000  /usr/bin/codesign exited with 0
2021-06-22 18:17:54 +0000  Entitlements for <IDEDistributionItem: 0x7f8c13d336b0; bundleID='com.sunilhadap.rhapsody.Footsee1', path='<DVTFilePath:0x7f8c123844f0:'/Users/hadsunil/Library/Developer/Xcode/Archives/2021-06-19/Footsee 6-19-21, 10.03 AM.xcarchive/Products/Applications/Footsee.app'>', codeSigningInfo='<_DVTCodeSigningInformation_Path: 0x7f8c12f93520; isSigned='1', isAdHocSigned='0', signingCertificate='<DVTSigningCertificate: 0x7f8c1f9691a0; name='Apple Development: sunilhadap@hotmail.com (ZJV83KS28T)', hash='D0F687E39EC9278608D707556F0630C226096A96', serialNumber='<DVTSigningCertificateSerialNumber: 0x7f8c1f969350>', certificateKinds='(
    "1.2.840.113635.100.6.1.12",
    "1.2.840.113635.100.6.1.2"
), issueDate='2021-06-15 11:39:28 +0000''>', entitlements='{
    "application-identifier" = "A25W4243CS.com.sunilhadap.rhapsody.Footsee1";
    "com.apple.developer.team-identifier" = A25W4243CS;
    "get-task-allow" = 1;
    "keychain-access-groups" =     (
        "A25W4243CS.com.sunilhadap.rhapsody.Footsee1"
    );
}', teamID='A25W4243CS', identifier='com.sunilhadap.rhapsody.Footsee1', executablePath='<DVTFilePath:0x7f8c305ed620:'/Users/hadsunil/Library/Developer/Xcode/Archives/2021-06-19/Footsee 6-19-21, 10.03 AM.xcarchive/Products/Applications/Footsee.app/Footsee'>', hardenedRuntime='0'>'>: {
    "application-identifier" = "A25W4243CS.com.sunilhadap.rhapsody.Footsee1";
    "com.apple.developer.team-identifier" = A25W4243CS;
    "get-task-allow" = 0;
    "keychain-access-groups" =     (
        "A25W4243CS.com.sunilhadap.rhapsody.Footsee1"
    );
}
2021-06-22 18:17:54 +0000  Entitlements for <IDEDistributionItem: 0x7f8c13d336b0; bundleID='com.sunilhadap.rhapsody.Footsee1', path='<DVTFilePath:0x7f8c123844f0:'/Users/hadsunil/Library/Developer/Xcode/Archives/2021-06-19/Footsee 6-19-21, 10.03 AM.xcarchive/Products/Applications/Footsee.app'>', codeSigningInfo='<_DVTCodeSigningInformation_Path: 0x7f8c12f93520; isSigned='1', isAdHocSigned='0', signingCertificate='<DVTSigningCertificate: 0x7f8c1f9762d0; name='Apple Development: sunilhadap@hotmail.com (ZJV83KS28T)', hash='D0F687E39EC9278608D707556F0630C226096A96', serialNumber='<DVTSigningCertificateSerialNumber: 0x7f8c1f9493d0>', certificateKinds='(
    "1.2.840.113635.100.6.1.12",
    "1.2.840.113635.100.6.1.2"
), issueDate='2021-06-15 11:39:28 +0000''>', entitlements='{
    "application-identifier" = "A25W4243CS.com.sunilhadap.rhapsody.Footsee1";
    "com.apple.developer.team-identifier" = A25W4243CS;
    "get-task-allow" = 1;
    "keychain-access-groups" =     (
        "A25W4243CS.com.sunilhadap.rhapsody.Footsee1"
    );
}', teamID='A25W4243CS', identifier='com.sunilhadap.rhapsody.Footsee1', executablePath='<DVTFilePath:0x7f8c305ed620:'/Users/hadsunil/Library/Developer/Xcode/Archives/2021-06-19/Footsee 6-19-21, 10.03 AM.xcarchive/Products/Applications/Footsee.app/Footsee'>', hardenedRuntime='0'>'> are: {
    "application-identifier" = "A25W4243CS.com.sunilhadap.rhapsody.Footsee1";
    "com.apple.developer.team-identifier" = A25W4243CS;
    "get-task-allow" = 0;
    "keychain-access-groups" =     (
        "A25W4243CS.com.sunilhadap.rhapsody.Footsee1"
    );
}
2021-06-22 18:17:54 +0000  Writing entitlements for <IDEDistributionItem: 0x7f8c13d336b0; bundleID='com.sunilhadap.rhapsody.Footsee1', path='<DVTFilePath:0x7f8c123844f0:'/Users/hadsunil/Library/Developer/Xcode/Archives/2021-06-19/Footsee 6-19-21, 10.03 AM.xcarchive/Products/Applications/Footsee.app'>', codeSigningInfo='<_DVTCodeSigningInformation_Path: 0x7f8c12f93520; isSigned='1', isAdHocSigned='0', signingCertificate='<DVTSigningCertificate: 0x7f8c1f9697b0; name='Apple Development: sunilhadap@hotmail.com (ZJV83KS28T)', hash='D0F687E39EC9278608D707556F0630C226096A96', serialNumber='<DVTSigningCertificateSerialNumber: 0x7f8c1f969960>', certificateKinds='(
    "1.2.840.113635.100.6.1.12",
    "1.2.840.113635.100.6.1.2"
), issueDate='2021-06-15 11:39:28 +0000''>', entitlements='{
    "application-identifier" = "A25W4243CS.com.sunilhadap.rhapsody.Footsee1";
    "com.apple.developer.team-identifier" = A25W4243CS;
    "get-task-allow" = 1;
    "keychain-access-groups" =     (
        "A25W4243CS.com.sunilhadap.rhapsody.Footsee1"
    );
}', teamID='A25W4243CS', identifier='com.sunilhadap.rhapsody.Footsee1', executablePath='<DVTFilePath:0x7f8c305ed620:'/Users/hadsunil/Library/Developer/Xcode/Archives/2021-06-19/Footsee 6-19-21, 10.03 AM.xcarchive/Products/Applications/Footsee.app/Footsee'>', hardenedRuntime='0'>'> to: /var/folders/3t/grkshll964n5xz4mxwr7ts5mg9z2b6/T/XcodeDistPipeline.~~~A9XvPl/entitlements~~~ONzFuu
2021-06-22 18:17:54 +0000  Running /usr/bin/codesign '-vvv' '--force' '--sign' '212727D53F4E593929CE7A6F7FE74B7C615D4295' '--entitlements' '/var/folders/3t/grkshll964n5xz4mxwr7ts5mg9z2b6/T/XcodeDistPipeline.~~~A9XvPl/entitlements~~~ONzFuu' '--preserve-metadata=identifier,flags,runtime' '/var/folders/3t/grkshll964n5xz4mxwr7ts5mg9z2b6/T/XcodeDistPipeline.~~~A9XvPl/Root/Payload/Footsee.app'
2021-06-22 18:17:55 +0000  /var/folders/3t/grkshll964n5xz4mxwr7ts5mg9z2b6/T/XcodeDistPipeline.~~~A9XvPl/Root/Payload/Footsee.app: signed app bundle with Mach-O thin (arm64) [com.sunilhadap.rhapsody.Footsee1]
2021-06-22 18:17:55 +0000  /usr/bin/codesign exited with 0
2021-06-22 18:17:55 +0000  Processing step: IDEDistributionZipODRItemStep
2021-06-22 18:17:55 +0000  Skipping step: IDEDistributionZipODRItemStep because it said so
2021-06-22 18:17:55 +0000  Skipping step: IDEDistributionZipODRItemStep because it said so
2021-06-22 18:17:55 +0000  Skipping step: IDEDistributionZipODRItemStep because it said so
2021-06-22 18:17:55 +0000  Skipping step: IDEDistributionZipODRItemStep because it said so
2021-06-22 18:17:55 +0000  Skipping step: IDEDistributionZipODRItemStep because it said so
2021-06-22 18:17:55 +0000  Skipping step: IDEDistributionZipODRItemStep because it said so
2021-06-22 18:17:55 +0000  Skipping step: IDEDistributionZipODRItemStep because it said so
2021-06-22 18:17:55 +0000  Skipping step: IDEDistributionZipODRItemStep because it said so
2021-06-22 18:17:55 +0000  Skipping step: IDEDistributionZipODRItemStep because it said so
2021-06-22 18:17:55 +0000  Processing step: IDEDistributionCreateIPAStep
2021-06-22 18:17:55 +0000  Running /usr/bin/ditto '-V' '-c' '-k' '--norsrc' '/var/folders/3t/grkshll964n5xz4mxwr7ts5mg9z2b6/T/XcodeDistPipeline.~~~A9XvPl/Root' '/var/folders/3t/grkshll964n5xz4mxwr7ts5mg9z2b6/T/XcodeDistPipeline.~~~A9XvPl/Packages/Footsee.ipa'
2021-06-22 18:17:55 +0000  >>> Copying /var/folders/3t/grkshll964n5xz4mxwr7ts5mg9z2b6/T/XcodeDistPipeline.~~~A9XvPl/Root 
2021-06-22 18:17:55 +0000  copying file ./Payload/Footsee.app/_CodeSignature/CodeResources ... 
2021-06-22 18:17:55 +0000  13370 bytes for ./Payload/Footsee.app/_CodeSignature/CodeResources
2021-06-22 18:17:55 +0000  copying file ./Payload/Footsee.app/Settings.bundle/en.lproj/Root.strings ... 
2021-06-22 18:17:55 +0000  546 bytes for ./Payload/Footsee.app/Settings.bundle/en.lproj/Root.strings
copying file ./Payload/Footsee.app/Settings.bundle/Root.plist ... 
2021-06-22 18:17:55 +0000  1650 bytes for ./Payload/Footsee.app/Settings.bundle/Root.plist
copying file ./Payload/Footsee.app/Footsee ... 
2021-06-22 18:17:55 +0000  216448 bytes for ./Payload/Footsee.app/Footsee
2021-06-22 18:17:55 +0000  copying file ./Payload/Footsee.app/AppIcon60x60@2x.png ... 
2021-06-22 18:17:55 +0000  5177 bytes for ./Payload/Footsee.app/AppIcon60x60@2x.png
copying file ./Payload/Footsee.app/frog-foot-svgrepo-com.svg ... 
852 bytes for ./Payload/Footsee.app/frog-foot-svgrepo-com.svg
2021-06-22 18:17:55 +0000  copying file ./Payload/Footsee.app/Base.lproj/Main.storyboardc/vej-qd-Tzv-view-xVE-xt-emR.nib ... 
2021-06-22 18:17:55 +0000  28199 bytes for ./Payload/Footsee.app/Base.lproj/Main.storyboardc/vej-qd-Tzv-view-xVE-xt-emR.nib
2021-06-22 18:17:55 +0000  copying file ./Payload/Footsee.app/Base.lproj/Main.storyboardc/UITableViewController-vej-qd-Tzv.nib ... 
2021-06-22 18:17:55 +0000  3346 bytes for ./Payload/Footsee.app/Base.lproj/Main.storyboardc/UITableViewController-vej-qd-Tzv.nib
copying file ./Payload/Footsee.app/Base.lproj/Main.storyboardc/BYZ-38-t0r-view-rjK-Im-gwb.nib ... 
2021-06-22 18:17:55 +0000  6451 bytes for ./Payload/Footsee.app/Base.lproj/Main.storyboardc/BYZ-38-t0r-view-rjK-Im-gwb.nib
copying file ./Payload/Footsee.app/Base.lproj/Main.storyboardc/UINavigationController-C0f-nK-5UG.nib ... 
2021-06-22 18:17:55 +0000  2764 bytes for ./Payload/Footsee.app/Base.lproj/Main.storyboardc/UINavigationController-C0f-nK-5UG.nib
copying file ./Payload/Footsee.app/Base.lproj/Main.storyboardc/Info.plist ... 
2021-06-22 18:17:55 +0000  361 bytes for ./Payload/Footsee.app/Base.lproj/Main.storyboardc/Info.plist
copying file ./Payload/Footsee.app/Base.lproj/LaunchScreen.storyboardc/01J-lp-oVM-view-Ze5-6b-2t3.nib ... 
2021-06-22 18:17:55 +0000  1197 bytes for ./Payload/Footsee.app/Base.lproj/LaunchScreen.storyboardc/01J-lp-oVM-view-Ze5-6b-2t3.nib
copying file ./Payload/Footsee.app/Base.lproj/LaunchScreen.storyboardc/UIViewController-01J-lp-oVM.nib ... 
2021-06-22 18:17:55 +0000  896 bytes for ./Payload/Footsee.app/Base.lproj/LaunchScreen.storyboardc/UIViewController-01J-lp-oVM.nib
copying file ./Payload/Footsee.app/Base.lproj/LaunchScreen.storyboardc/Info.plist ... 
2021-06-22 18:17:55 +0000  258 bytes for ./Payload/Footsee.app/Base.lproj/LaunchScreen.storyboardc/Info.plist
copying file ./Payload/Footsee.app/Assets.car ... 
2021-06-22 18:17:55 +0000  111032 bytes for ./Payload/Footsee.app/Assets.car
2021-06-22 18:17:55 +0000  copying file ./Payload/Footsee.app/.gitignore ... 
1557 bytes for ./Payload/Footsee.app/.gitignore
copying file ./Payload/Footsee.app/AppIcon76x76@2x~ipad.png ... 
2021-06-22 18:17:55 +0000  6451 bytes for ./Payload/Footsee.app/AppIcon76x76@2x~ipad.png
2021-06-22 18:17:55 +0000  copying file ./Payload/Footsee.app/Frameworks/FormTextField.framework/_CodeSignature/CodeResources ... 
2021-06-22 18:17:55 +0000  1798 bytes for ./Payload/Footsee.app/Frameworks/FormTextField.framework/_CodeSignature/CodeResources
copying file ./Payload/Footsee.app/Frameworks/FormTextField.framework/FormTextField ... 
2021-06-22 18:17:55 +0000  267232 bytes for ./Payload/Footsee.app/Frameworks/FormTextField.framework/FormTextField
copying file ./Payload/Footsee.app/Frameworks/FormTextField.framework/Info.plist ... 
2021-06-22 18:17:55 +0000  796 bytes for ./Payload/Footsee.app/Frameworks/FormTextField.framework/Info.plist
2021-06-22 18:17:55 +0000  copying file ./Payload/Footsee.app/Frameworks/ZIPFoundation.framework/_CodeSignature/CodeResources ... 
2021-06-22 18:17:55 +0000  1798 bytes for ./Payload/Footsee.app/Frameworks/ZIPFoundation.framework/_CodeSignature/CodeResources
copying file ./Payload/Footsee.app/Frameworks/ZIPFoundation.framework/ZIPFoundation ... 
2021-06-22 18:17:55 +0000  418384 bytes for ./Payload/Footsee.app/Frameworks/ZIPFoundation.framework/ZIPFoundation
2021-06-22 18:17:55 +0000  copying file ./Payload/Footsee.app/Frameworks/ZIPFoundation.framework/Info.plist ... 
749 bytes for ./Payload/Footsee.app/Frameworks/ZIPFoundation.framework/Info.plist
2021-06-22 18:17:55 +0000  copying file ./Payload/Footsee.app/Frameworks/MetaWear.framework/_CodeSignature/CodeResources ... 
2021-06-22 18:17:55 +0000  1798 bytes for ./Payload/Footsee.app/Frameworks/MetaWear.framework/_CodeSignature/CodeResources
copying file ./Payload/Footsee.app/Frameworks/MetaWear.framework/MetaWear ... 
2021-06-22 18:17:55 +0000  1530112 bytes for ./Payload/Footsee.app/Frameworks/MetaWear.framework/MetaWear
2021-06-22 18:17:55 +0000  copying file ./Payload/Footsee.app/Frameworks/MetaWear.framework/Info.plist ... 
779 bytes for ./Payload/Footsee.app/Frameworks/MetaWear.framework/Info.plist
copying file ./Payload/Footsee.app/Frameworks/DropDown.framework/_CodeSignature/CodeResources ... 
2021-06-22 18:17:55 +0000  2096 bytes for ./Payload/Footsee.app/Frameworks/DropDown.framework/_CodeSignature/CodeResources
copying file ./Payload/Footsee.app/Frameworks/DropDown.framework/DropDown ... 
2021-06-22 18:17:55 +0000  382304 bytes for ./Payload/Footsee.app/Frameworks/DropDown.framework/DropDown
2021-06-22 18:17:55 +0000  copying file ./Payload/Footsee.app/Frameworks/DropDown.framework/DropDownCell.nib ... 
2021-06-22 18:17:55 +0000  2511 bytes for ./Payload/Footsee.app/Frameworks/DropDown.framework/DropDownCell.nib
copying file ./Payload/Footsee.app/Frameworks/DropDown.framework/Info.plist ... 
2021-06-22 18:17:55 +0000  739 bytes for ./Payload/Footsee.app/Frameworks/DropDown.framework/Info.plist
copying file ./Payload/Footsee.app/Frameworks/MBProgressHUD.framework/_CodeSignature/CodeResources ... 
2021-06-22 18:17:55 +0000  1798 bytes for ./Payload/Footsee.app/Frameworks/MBProgressHUD.framework/_CodeSignature/CodeResources
2021-06-22 18:17:55 +0000  copying file ./Payload/Footsee.app/Frameworks/MBProgressHUD.framework/MBProgressHUD ... 
2021-06-22 18:17:55 +0000  176480 bytes for ./Payload/Footsee.app/Frameworks/MBProgressHUD.framework/MBProgressHUD
2021-06-22 18:17:55 +0000  copying file ./Payload/Footsee.app/Frameworks/MBProgressHUD.framework/Info.plist ... 
748 bytes for ./Payload/Footsee.app/Frameworks/MBProgressHUD.framework/Info.plist
2021-06-22 18:17:55 +0000  copying file ./Payload/Footsee.app/Frameworks/iOSDFULibrary.framework/_CodeSignature/CodeResources ... 
2021-06-22 18:17:55 +0000  1798 bytes for ./Payload/Footsee.app/Frameworks/iOSDFULibrary.framework/_CodeSignature/CodeResources
copying file ./Payload/Footsee.app/Frameworks/iOSDFULibrary.framework/iOSDFULibrary ... 
2021-06-22 18:17:55 +0000  1129712 bytes for ./Payload/Footsee.app/Frameworks/iOSDFULibrary.framework/iOSDFULibrary
2021-06-22 18:17:55 +0000  copying file ./Payload/Footsee.app/Frameworks/iOSDFULibrary.framework/Info.plist ... 
749 bytes for ./Payload/Footsee.app/Frameworks/iOSDFULibrary.framework/Info.plist
copying file ./Payload/Footsee.app/Frameworks/SwiftProtobuf.framework/_CodeSignature/CodeResources ... 
1798 bytes for ./Payload/Footsee.app/Frameworks/SwiftProtobuf.framework/_CodeSignature/CodeResources
2021-06-22 18:17:55 +0000  copying file ./Payload/Footsee.app/Frameworks/SwiftProtobuf.framework/SwiftProtobuf ... 
2021-06-22 18:17:55 +0000  4020032 bytes for ./Payload/Footsee.app/Frameworks/SwiftProtobuf.framework/SwiftProtobuf
2021-06-22 18:17:55 +0000  copying file ./Payload/Footsee.app/Frameworks/SwiftProtobuf.framework/Info.plist ... 
749 bytes for ./Payload/Footsee.app/Frameworks/SwiftProtobuf.framework/Info.plist
copying file ./Payload/Footsee.app/Frameworks/BoltsSwift.framework/_CodeSignature/CodeResources ... 
1798 bytes for ./Payload/Footsee.app/Frameworks/BoltsSwift.framework/_CodeSignature/CodeResources
copying file ./Payload/Footsee.app/Frameworks/BoltsSwift.framework/BoltsSwift ... 
2021-06-22 18:17:55 +0000  235984 bytes for ./Payload/Footsee.app/Frameworks/BoltsSwift.framework/BoltsSwift
2021-06-22 18:17:55 +0000  copying file ./Payload/Footsee.app/Frameworks/BoltsSwift.framework/Info.plist ... 
742 bytes for ./Payload/Footsee.app/Frameworks/BoltsSwift.framework/Info.plist
2021-06-22 18:17:55 +0000  copying file ./Payload/Footsee.app/embedded.mobileprovision ... 
2021-06-22 18:17:55 +0000  14214 bytes for ./Payload/Footsee.app/embedded.mobileprovision
2021-06-22 18:17:55 +0000  copying file ./Payload/Footsee.app/Info.plist ... 
2223 bytes for ./Payload/Footsee.app/Info.plist
copying file ./Payload/Footsee.app/PkgInfo ... 
2021-06-22 18:17:55 +0000  8 bytes for ./Payload/Footsee.app/PkgInfo
2021-06-22 18:17:55 +0000  /usr/bin/ditto exited with 0
2021-06-22 18:17:55 +0000  Processing step: IDEDistributionAppStoreInformationStep
2021-06-22 18:17:55 +0000  Skipping step: IDEDistributionAppStoreInformationStep because it said so
2021-06-22 18:17:55 +0000  Processing step: IDEDistributionGenerateProcessedDistributionItems
2021-06-22 18:17:55 +0000  IDEDistributionItem init <DVTFilePath:0x7f8c1f966bc0:'/var/folders/3t/grkshll964n5xz4mxwr7ts5mg9z2b6/T/XcodeDistPipeline.~~~A9XvPl/Root/Payload/Footsee.app/Frameworks/SwiftProtobuf.framework'>
2021-06-22 18:17:55 +0000  IDEDistributionItem init <DVTFilePath:0x7f8c1f97fe80:'/var/folders/3t/grkshll964n5xz4mxwr7ts5mg9z2b6/T/XcodeDistPipeline.~~~A9XvPl/Root/Payload/Footsee.app/Frameworks/MetaWear.framework'>
2021-06-22 18:17:55 +0000  IDEDistributionItem init <DVTFilePath:0x7f8c13c702e0:'/var/folders/3t/grkshll964n5xz4mxwr7ts5mg9z2b6/T/XcodeDistPipeline.~~~A9XvPl/Root/Payload/Footsee.app/Frameworks/FormTextField.framework'>
2021-06-22 18:17:55 +0000  IDEDistributionItem init <DVTFilePath:0x7f8c1f962f20:'/var/folders/3t/grkshll964n5xz4mxwr7ts5mg9z2b6/T/XcodeDistPipeline.~~~A9XvPl/Root/Payload/Footsee.app/Frameworks/DropDown.framework'>
2021-06-22 18:17:55 +0000  IDEDistributionItem init <DVTFilePath:0x7f8c1f9622f0:'/var/folders/3t/grkshll964n5xz4mxwr7ts5mg9z2b6/T/XcodeDistPipeline.~~~A9XvPl/Root/Payload/Footsee.app/Frameworks/BoltsSwift.framework'>
2021-06-22 18:17:55 +0000  IDEDistributionItem init <DVTFilePath:0x7f8c1f9661d0:'/var/folders/3t/grkshll964n5xz4mxwr7ts5mg9z2b6/T/XcodeDistPipeline.~~~A9XvPl/Root/Payload/Footsee.app/Frameworks/MBProgressHUD.framework'>
2021-06-22 18:17:55 +0000  IDEDistributionItem init <DVTFilePath:0x7f8c13c78130:'/var/folders/3t/grkshll964n5xz4mxwr7ts5mg9z2b6/T/XcodeDistPipeline.~~~A9XvPl/Root/Payload/Footsee.app/Frameworks/ZIPFoundation.framework'>
2021-06-22 18:17:55 +0000  IDEDistributionItem init <DVTFilePath:0x7f8c12d237f0:'/var/folders/3t/grkshll964n5xz4mxwr7ts5mg9z2b6/T/XcodeDistPipeline.~~~A9XvPl/Root/Payload/Footsee.app/Frameworks/iOSDFULibrary.framework'>
2021-06-22 18:17:55 +0000  IDEDistributionItem init <DVTFilePath:0x7f8c12d1a130:'/var/folders/3t/grkshll964n5xz4mxwr7ts5mg9z2b6/T/XcodeDistPipeline.~~~A9XvPl/Root/Payload/Footsee.app'>
2021-06-22 18:17:55 +0000  Processing step: IDEDistributionCreateManifestStep
